{"/home/travis/build/npmtest/node-npmtest-gulp-coverage/test.js":{"path":"/home/travis/build/npmtest/node-npmtest-gulp-coverage/test.js","s":{"1":2,"2":2,"3":2,"4":2,"5":2,"6":2,"7":2,"8":1,"9":2,"10":2,"11":1,"12":1,"13":1,"14":1,"15":2,"16":2,"17":2,"18":2,"19":1,"20":1,"21":2,"22":2,"23":2,"24":1,"25":1,"26":1,"27":1,"28":1,"29":1,"30":1,"31":1,"32":1,"33":1,"34":1,"35":1,"36":1,"37":1,"38":1,"39":2,"40":2,"41":1,"42":2,"43":2,"44":1,"45":2,"46":2,"47":1,"48":2,"49":2,"50":1,"51":1,"52":1,"53":1,"54":1},"b":{"1":[2,1,1,1],"2":[1,1,1,1],"3":[1,1],"4":[1,1],"5":[1,1],"6":[1,1],"7":[1,1],"8":[1,1],"9":[1,1],"10":[1,1,1],"11":[1,1],"12":[1,1],"13":[1,1],"14":[1,1],"15":[1,1],"16":[1,1],"17":[1,1]},"f":{"1":2,"2":2,"3":2,"4":2,"5":2,"6":1,"7":1,"8":1,"9":2,"10":2,"11":2,"12":2,"13":1},"fnMap":{"1":{"name":"(anonymous_1)","line":12,"loc":{"start":{"line":12,"column":1},"end":{"line":12,"column":13}}},"2":{"name":"(anonymous_2)","line":19,"loc":{"start":{"line":19,"column":5},"end":{"line":19,"column":17}}},"3":{"name":"(anonymous_3)","line":23,"loc":{"start":{"line":23,"column":24},"end":{"line":23,"column":36}}},"4":{"name":"(anonymous_4)","line":61,"loc":{"start":{"line":61,"column":5},"end":{"line":61,"column":17}}},"5":{"name":"(anonymous_5)","line":82,"loc":{"start":{"line":82,"column":5},"end":{"line":82,"column":17}}},"6":{"name":"(anonymous_6)","line":91,"loc":{"start":{"line":91,"column":77},"end":{"line":94,"column":10}}},"7":{"name":"(anonymous_7)","line":112,"loc":{"start":{"line":112,"column":83},"end":{"line":115,"column":10}},"skip":true},"8":{"name":"(anonymous_8)","line":123,"loc":{"start":{"line":123,"column":77},"end":{"line":126,"column":10}},"skip":true},"9":{"name":"(anonymous_9)","line":139,"loc":{"start":{"line":139,"column":12},"end":{"line":139,"column":40}},"skip":true},"10":{"name":"(anonymous_10)","line":147,"loc":{"start":{"line":147,"column":77},"end":{"line":150,"column":10}},"skip":true},"11":{"name":"(anonymous_11)","line":158,"loc":{"start":{"line":158,"column":83},"end":{"line":161,"column":10}},"skip":true},"12":{"name":"(anonymous_12)","line":169,"loc":{"start":{"line":169,"column":79},"end":{"line":172,"column":10}},"skip":true},"13":{"name":"(anonymous_13)","line":180,"loc":{"start":{"line":180,"column":75},"end":{"line":183,"column":10}},"skip":true}},"statementMap":{"1":{"start":{"line":12,"column":0},"end":{"line":195,"column":5}},"2":{"start":{"line":14,"column":4},"end":{"line":14,"column":14}},"3":{"start":{"line":19,"column":4},"end":{"line":56,"column":9}},"4":{"start":{"line":21,"column":8},"end":{"line":21,"column":19}},"5":{"start":{"line":23,"column":8},"end":{"line":35,"column":13}},"6":{"start":{"line":24,"column":12},"end":{"line":34,"column":13}},"7":{"start":{"line":25,"column":16},"end":{"line":28,"column":30}},"8":{"start":{"line":30,"column":16},"end":{"line":33,"column":27}},"9":{"start":{"line":37,"column":8},"end":{"line":39,"column":21}},"10":{"start":{"line":40,"column":8},"end":{"line":53,"column":9}},"11":{"start":{"line":43,"column":12},"end":{"line":46,"column":14}},"12":{"start":{"line":47,"column":12},"end":{"line":47,"column":18}},"13":{"start":{"line":50,"column":12},"end":{"line":51,"column":46}},"14":{"start":{"line":52,"column":12},"end":{"line":52,"column":18}},"15":{"start":{"line":55,"column":8},"end":{"line":55,"column":35}},"16":{"start":{"line":61,"column":4},"end":{"line":63,"column":9}},"17":{"start":{"line":62,"column":8},"end":{"line":62,"column":15}},"18":{"start":{"line":64,"column":4},"end":{"line":77,"column":5}},"19":{"start":{"line":70,"column":8},"end":{"line":70,"column":14}},"20":{"start":{"line":76,"column":8},"end":{"line":76,"column":14}},"21":{"start":{"line":82,"column":4},"end":{"line":84,"column":9}},"22":{"start":{"line":83,"column":8},"end":{"line":83,"column":15}},"23":{"start":{"line":85,"column":4},"end":{"line":194,"column":5}},"24":{"start":{"line":91,"column":8},"end":{"line":99,"column":10}},"25":{"start":{"line":98,"column":12},"end":{"line":98,"column":35}},"26":{"start":{"line":102,"column":8},"end":{"line":104,"column":63}},"27":{"start":{"line":105,"column":8},"end":{"line":105,"column":14}},"28":{"start":{"line":112,"column":8},"end":{"line":121,"column":10},"skip":true},"29":{"start":{"line":119,"column":12},"end":{"line":119,"column":55},"skip":true},"30":{"start":{"line":120,"column":12},"end":{"line":120,"column":48},"skip":true},"31":{"start":{"line":123,"column":8},"end":{"line":136,"column":10},"skip":true},"32":{"start":{"line":130,"column":12},"end":{"line":130,"column":76},"skip":true},"33":{"start":{"line":131,"column":12},"end":{"line":131,"column":73},"skip":true},"34":{"start":{"line":132,"column":12},"end":{"line":132,"column":74},"skip":true},"35":{"start":{"line":133,"column":12},"end":{"line":133,"column":79},"skip":true},"36":{"start":{"line":134,"column":12},"end":{"line":134,"column":25},"skip":true},"37":{"start":{"line":135,"column":12},"end":{"line":135,"column":45},"skip":true},"38":{"start":{"line":138,"column":8},"end":{"line":145,"column":14},"skip":true},"39":{"start":{"line":143,"column":16},"end":{"line":143,"column":29},"skip":true},"40":{"start":{"line":144,"column":16},"end":{"line":144,"column":55},"skip":true},"41":{"start":{"line":147,"column":8},"end":{"line":156,"column":10},"skip":true},"42":{"start":{"line":154,"column":12},"end":{"line":154,"column":25},"skip":true},"43":{"start":{"line":155,"column":12},"end":{"line":155,"column":45},"skip":true},"44":{"start":{"line":158,"column":8},"end":{"line":167,"column":10},"skip":true},"45":{"start":{"line":165,"column":12},"end":{"line":165,"column":25},"skip":true},"46":{"start":{"line":166,"column":12},"end":{"line":166,"column":48},"skip":true},"47":{"start":{"line":169,"column":8},"end":{"line":178,"column":10},"skip":true},"48":{"start":{"line":176,"column":12},"end":{"line":176,"column":25},"skip":true},"49":{"start":{"line":177,"column":12},"end":{"line":177,"column":46},"skip":true},"50":{"start":{"line":180,"column":8},"end":{"line":189,"column":10},"skip":true},"51":{"start":{"line":187,"column":12},"end":{"line":187,"column":94},"skip":true},"52":{"start":{"line":188,"column":12},"end":{"line":188,"column":48},"skip":true},"53":{"start":{"line":192,"column":8},"end":{"line":192,"column":35},"skip":true},"54":{"start":{"line":193,"column":8},"end":{"line":193,"column":14},"skip":true}},"branchMap":{"1":{"line":25,"type":"binary-expr","locations":[{"start":{"line":25,"column":23},"end":{"line":25,"column":62}},{"start":{"line":26,"column":20},"end":{"line":26,"column":70}},{"start":{"line":27,"column":20},"end":{"line":27,"column":71}},{"start":{"line":28,"column":20},"end":{"line":28,"column":29}}]},"2":{"line":30,"type":"binary-expr","locations":[{"start":{"line":30,"column":23},"end":{"line":30,"column":37}},{"start":{"line":31,"column":20},"end":{"line":31,"column":61}},{"start":{"line":32,"column":20},"end":{"line":32,"column":70}},{"start":{"line":33,"column":20},"end":{"line":33,"column":26}}]},"3":{"line":37,"type":"cond-expr","locations":[{"start":{"line":38,"column":14},"end":{"line":38,"column":20}},{"start":{"line":39,"column":14},"end":{"line":39,"column":20}}]},"4":{"line":40,"type":"switch","locations":[{"start":{"line":42,"column":8},"end":{"line":47,"column":18}},{"start":{"line":49,"column":8},"end":{"line":52,"column":18}}]},"5":{"line":44,"type":"binary-expr","locations":[{"start":{"line":44,"column":16},"end":{"line":44,"column":44}},{"start":{"line":44,"column":48},"end":{"line":44,"column":66}}]},"6":{"line":50,"type":"binary-expr","locations":[{"start":{"line":50,"column":21},"end":{"line":50,"column":49}},{"start":{"line":50,"column":53},"end":{"line":50,"column":72}}]},"7":{"line":64,"type":"switch","locations":[{"start":{"line":69,"column":4},"end":{"line":70,"column":14}},{"start":{"line":75,"column":4},"end":{"line":76,"column":14}}]},"8":{"line":85,"type":"switch","locations":[{"start":{"line":90,"column":4},"end":{"line":105,"column":14}},{"start":{"line":111,"column":4},"end":{"line":193,"column":14},"skip":true}]},"9":{"line":91,"type":"binary-expr","locations":[{"start":{"line":91,"column":42},"end":{"line":91,"column":73}},{"start":{"line":91,"column":77},"end":{"line":99,"column":9}}]},"10":{"line":102,"type":"binary-expr","locations":[{"start":{"line":102,"column":18},"end":{"line":102,"column":32}},{"start":{"line":103,"column":12},"end":{"line":103,"column":53}},{"start":{"line":104,"column":12},"end":{"line":104,"column":61}}]},"11":{"line":112,"type":"binary-expr","locations":[{"start":{"line":112,"column":45},"end":{"line":112,"column":79},"skip":true},{"start":{"line":112,"column":83},"end":{"line":121,"column":9},"skip":true}]},"12":{"line":123,"type":"binary-expr","locations":[{"start":{"line":123,"column":42},"end":{"line":123,"column":73},"skip":true},{"start":{"line":123,"column":77},"end":{"line":136,"column":9},"skip":true}]},"13":{"line":138,"type":"binary-expr","locations":[{"start":{"line":138,"column":48},"end":{"line":138,"column":85},"skip":true},{"start":{"line":139,"column":12},"end":{"line":145,"column":13},"skip":true}]},"14":{"line":147,"type":"binary-expr","locations":[{"start":{"line":147,"column":42},"end":{"line":147,"column":73},"skip":true},{"start":{"line":147,"column":77},"end":{"line":156,"column":9},"skip":true}]},"15":{"line":158,"type":"binary-expr","locations":[{"start":{"line":158,"column":45},"end":{"line":158,"column":79},"skip":true},{"start":{"line":158,"column":83},"end":{"line":167,"column":9},"skip":true}]},"16":{"line":169,"type":"binary-expr","locations":[{"start":{"line":169,"column":43},"end":{"line":169,"column":75},"skip":true},{"start":{"line":169,"column":79},"end":{"line":178,"column":9},"skip":true}]},"17":{"line":180,"type":"binary-expr","locations":[{"start":{"line":180,"column":41},"end":{"line":180,"column":71},"skip":true},{"start":{"line":180,"column":75},"end":{"line":189,"column":9},"skip":true}]}},"code":["/* istanbul instrument in package npmtest_gulp_coverage */","/*jslint","    bitwise: true,","    browser: true,","    maxerr: 8,","    maxlen: 96,","    node: true,","    nomen: true,","    regexp: true,","    stupid: true","*/","(function () {","    'use strict';","    var local;","","","","    // run shared js-env code - pre-init","    (function () {","        // init local","        local = {};","        // init modeJs","        local.modeJs = (function () {","            try {","                return typeof navigator.userAgent === 'string' &&","                    typeof document.querySelector('body') === 'object' &&","                    typeof XMLHttpRequest.prototype.open === 'function' &&","                    'browser';","            } catch (errorCaughtBrowser) {","                return module.exports &&","                    typeof process.versions.node === 'string' &&","                    typeof require('http').createServer === 'function' &&","                    'node';","            }","        }());","        // init global","        local.global = local.modeJs === 'browser'","            ? window","            : global;","        switch (local.modeJs) {","        // re-init local from window.local","        case 'browser':","            local = local.global.utility2.objectSetDefault(","                local.global.utility2_rollup || local.global.local,","                local.global.utility2","            );","            break;","        // re-init local from example.js","        case 'node':","            local = (local.global.utility2_rollup || require('utility2'))","                .requireExampleJsFromReadme();","            break;","        }","        // export local","        local.global.local = local;","    }());","","","","    // run shared js-env code - function","    (function () {","        return;","    }());","    switch (local.modeJs) {","","","","    // run browser js-env code - function","    case 'browser':","        break;","","","","    // run node js-env code - function","    case 'node':","        break;","    }","","","","    // run shared js-env code - post-init","    (function () {","        return;","    }());","    switch (local.modeJs) {","","","","    // run browser js-env code - post-init","    case 'browser':","        local.testCase_browser_nullCase = local.testCase_browser_nullCase || function (","            options,","            onError","        ) {","        /*","         * this function will test browsers's null-case handling-behavior-behavior","         */","            onError(null, options);","        };","","        // run tests","        local.nop(local.modeTest &&","            document.querySelector('#testRunButton1') &&","            document.querySelector('#testRunButton1').click());","        break;","","","","    // run node js-env code - post-init","    /* istanbul ignore next */","    case 'node':","        local.testCase_buildApidoc_default = local.testCase_buildApidoc_default || function (","            options,","            onError","        ) {","        /*","         * this function will test buildApidoc's default handling-behavior-behavior","         */","            options = { modulePathList: module.paths };","            local.buildApidoc(options, onError);","        };","","        local.testCase_buildApp_default = local.testCase_buildApp_default || function (","            options,","            onError","        ) {","        /*","         * this function will test buildApp's default handling-behavior-behavior","         */","            local.testCase_buildReadme_default(options, local.onErrorThrow);","            local.testCase_buildLib_default(options, local.onErrorThrow);","            local.testCase_buildTest_default(options, local.onErrorThrow);","            local.testCase_buildCustomOrg_default(options, local.onErrorThrow);","            options = [];","            local.buildApp(options, onError);","        };","","        local.testCase_buildCustomOrg_default = local.testCase_buildCustomOrg_default ||","            function (options, onError) {","            /*","             * this function will test buildCustomOrg's default handling-behavior","             */","                options = {};","                local.buildCustomOrg(options, onError);","            };","","        local.testCase_buildLib_default = local.testCase_buildLib_default || function (","            options,","            onError","        ) {","        /*","         * this function will test buildLib's default handling-behavior","         */","            options = {};","            local.buildLib(options, onError);","        };","","        local.testCase_buildReadme_default = local.testCase_buildReadme_default || function (","            options,","            onError","        ) {","        /*","         * this function will test buildReadme's default handling-behavior-behavior","         */","            options = {};","            local.buildReadme(options, onError);","        };","","        local.testCase_buildTest_default = local.testCase_buildTest_default || function (","            options,","            onError","        ) {","        /*","         * this function will test buildTest's default handling-behavior","         */","            options = {};","            local.buildTest(options, onError);","        };","","        local.testCase_webpage_default = local.testCase_webpage_default || function (","            options,","            onError","        ) {","        /*","         * this function will test webpage's default handling-behavior","         */","            options = { modeCoverageMerge: true, url: local.serverLocalHost + '?modeTest=1' };","            local.browserTest(options, onError);","        };","","        // run test-server","        local.testRunServer(local);","        break;","    }","}());",""],"l":{"12":2,"14":2,"19":2,"21":2,"23":2,"24":2,"25":2,"30":1,"37":2,"40":2,"43":1,"47":1,"50":1,"52":1,"55":2,"61":2,"62":2,"64":2,"70":1,"76":1,"82":2,"83":2,"85":2,"91":1,"98":1,"102":1,"105":1,"112":1,"119":1,"120":1,"123":1,"130":1,"131":1,"132":1,"133":1,"134":1,"135":1,"138":1,"143":2,"144":2,"147":1,"154":2,"155":2,"158":1,"165":2,"166":2,"169":1,"176":2,"177":2,"180":1,"187":1,"188":1,"192":1,"193":1}},"/home/travis/build/npmtest/node-npmtest-gulp-coverage/lib.npmtest_gulp_coverage.js":{"path":"/home/travis/build/npmtest/node-npmtest-gulp-coverage/lib.npmtest_gulp_coverage.js","s":{"1":2,"2":2,"3":2,"4":2,"5":2,"6":2,"7":2,"8":1,"9":2,"10":2,"11":2,"12":2,"13":1,"14":1,"15":1,"16":1},"b":{"1":[2,1,1,1],"2":[1,1,1,1],"3":[1,1],"4":[2,2],"5":[1,1]},"f":{"1":2,"2":2,"3":2},"fnMap":{"1":{"name":"(anonymous_1)","line":12,"loc":{"start":{"line":12,"column":1},"end":{"line":12,"column":13}}},"2":{"name":"(anonymous_2)","line":19,"loc":{"start":{"line":19,"column":5},"end":{"line":19,"column":17}}},"3":{"name":"(anonymous_3)","line":23,"loc":{"start":{"line":23,"column":24},"end":{"line":23,"column":36}}}},"statementMap":{"1":{"start":{"line":12,"column":0},"end":{"line":53,"column":5}},"2":{"start":{"line":14,"column":4},"end":{"line":14,"column":14}},"3":{"start":{"line":19,"column":4},"end":{"line":52,"column":9}},"4":{"start":{"line":21,"column":8},"end":{"line":21,"column":19}},"5":{"start":{"line":23,"column":8},"end":{"line":35,"column":13}},"6":{"start":{"line":24,"column":12},"end":{"line":34,"column":13}},"7":{"start":{"line":25,"column":16},"end":{"line":28,"column":30}},"8":{"start":{"line":30,"column":16},"end":{"line":33,"column":27}},"9":{"start":{"line":37,"column":8},"end":{"line":39,"column":21}},"10":{"start":{"line":41,"column":8},"end":{"line":41,"column":54}},"11":{"start":{"line":43,"column":8},"end":{"line":43,"column":58}},"12":{"start":{"line":45,"column":8},"end":{"line":51,"column":9}},"13":{"start":{"line":46,"column":12},"end":{"line":46,"column":64}},"14":{"start":{"line":48,"column":12},"end":{"line":48,"column":35}},"15":{"start":{"line":49,"column":12},"end":{"line":49,"column":49}},"16":{"start":{"line":50,"column":12},"end":{"line":50,"column":43}}},"branchMap":{"1":{"line":25,"type":"binary-expr","locations":[{"start":{"line":25,"column":23},"end":{"line":25,"column":62}},{"start":{"line":26,"column":20},"end":{"line":26,"column":70}},{"start":{"line":27,"column":20},"end":{"line":27,"column":71}},{"start":{"line":28,"column":20},"end":{"line":28,"column":29}}]},"2":{"line":30,"type":"binary-expr","locations":[{"start":{"line":30,"column":23},"end":{"line":30,"column":37}},{"start":{"line":31,"column":20},"end":{"line":31,"column":61}},{"start":{"line":32,"column":20},"end":{"line":32,"column":70}},{"start":{"line":33,"column":20},"end":{"line":33,"column":26}}]},"3":{"line":37,"type":"cond-expr","locations":[{"start":{"line":38,"column":14},"end":{"line":38,"column":20}},{"start":{"line":39,"column":14},"end":{"line":39,"column":20}}]},"4":{"line":41,"type":"binary-expr","locations":[{"start":{"line":41,"column":16},"end":{"line":41,"column":44}},{"start":{"line":41,"column":48},"end":{"line":41,"column":53}}]},"5":{"line":45,"type":"if","locations":[{"start":{"line":45,"column":8},"end":{"line":45,"column":8}},{"start":{"line":45,"column":8},"end":{"line":45,"column":8}}]}},"code":["/* istanbul instrument in package npmtest_gulp_coverage */","/*jslint","    bitwise: true,","    browser: true,","    maxerr: 8,","    maxlen: 96,","    node: true,","    nomen: true,","    regexp: true,","    stupid: true","*/","(function () {","    'use strict';","    var local;","","","","    // run shared js-env code - pre-init","    (function () {","        // init local","        local = {};","        // init modeJs","        local.modeJs = (function () {","            try {","                return typeof navigator.userAgent === 'string' &&","                    typeof document.querySelector('body') === 'object' &&","                    typeof XMLHttpRequest.prototype.open === 'function' &&","                    'browser';","            } catch (errorCaughtBrowser) {","                return module.exports &&","                    typeof process.versions.node === 'string' &&","                    typeof require('http').createServer === 'function' &&","                    'node';","            }","        }());","        // init global","        local.global = local.modeJs === 'browser'","            ? window","            : global;","        // init utility2_rollup","        local = local.global.utility2_rollup || local;","        // init lib","        local.local = local.npmtest_gulp_coverage = local;","        // init exports","        if (local.modeJs === 'browser') {","            local.global.utility2_npmtest_gulp_coverage = local;","        } else {","            module.exports = local;","            module.exports.__dirname = __dirname;","            module.exports.module = module;","        }","    }());","}());",""],"l":{"12":2,"14":2,"19":2,"21":2,"23":2,"24":2,"25":2,"30":1,"37":2,"41":2,"43":2,"45":2,"46":1,"48":1,"49":1,"50":1}},"/home/travis/build/npmtest/node-npmtest-gulp-coverage/example.js":{"path":"/home/travis/build/npmtest/node-npmtest-gulp-coverage/example.js","s":{"1":2,"2":2,"3":2,"4":2,"5":2,"6":2,"7":2,"8":1,"9":2,"10":2,"11":2,"12":2,"13":1,"14":2,"15":2,"16":2,"17":2,"18":2,"19":0,"20":2,"21":1,"22":1,"23":1,"24":1,"25":1,"26":0,"27":0,"28":1,"29":1,"30":2,"31":0,"32":0,"33":0,"34":1,"35":2,"36":2,"37":3,"38":3,"39":3,"40":3,"41":0,"42":3,"43":3,"44":3,"45":1,"46":3,"47":1,"48":1,"49":1,"50":1,"51":1,"52":1,"53":1,"54":1,"55":1,"56":1,"57":0,"58":1,"59":6,"60":6,"61":1,"62":2,"63":0,"64":2,"65":1,"66":1,"67":0,"68":0,"69":0,"70":0,"71":0,"72":0,"73":0,"74":0,"75":0,"76":0,"77":0,"78":0,"79":0,"80":0,"81":0,"82":0,"83":0},"b":{"1":[2,1,1,1],"2":[1,1,1,1],"3":[1,1],"4":[2,2],"5":[1,1],"6":[1,1],"7":[2,0],"8":[2,1,1,1,1,1],"9":[0,2,0],"10":[1,1],"11":[2,1,1],"12":[1,0],"13":[0,2],"14":[2,0,0,0,0,0,0],"15":[0,3],"16":[3,0],"17":[1,1],"18":[0,1],"19":[1,2,0,2],"20":[1,0],"21":[1,1],"22":[0,0],"23":[0,0],"24":[0,0],"25":[0,0],"26":[0,0],"27":[0,0],"28":[0,0]},"f":{"1":2,"2":2,"3":2,"4":2,"5":2,"6":2,"7":3,"8":3,"9":3,"10":1,"11":6,"12":0},"fnMap":{"1":{"name":"(anonymous_1)","line":26,"loc":{"start":{"line":26,"column":1},"end":{"line":26,"column":13}}},"2":{"name":"(anonymous_2)","line":33,"loc":{"start":{"line":33,"column":5},"end":{"line":33,"column":17}}},"3":{"name":"(anonymous_3)","line":37,"loc":{"start":{"line":37,"column":24},"end":{"line":37,"column":36}}},"4":{"name":"(anonymous_4)","line":69,"loc":{"start":{"line":69,"column":31},"end":{"line":69,"column":48}},"skip":true},"5":{"name":"(anonymous_5)","line":78,"loc":{"start":{"line":78,"column":26},"end":{"line":78,"column":45}},"skip":true},"6":{"name":"(anonymous_6)","line":123,"loc":{"start":{"line":123,"column":33},"end":{"line":123,"column":48}},"skip":true},"7":{"name":"(anonymous_7)","line":125,"loc":{"start":{"line":125,"column":27},"end":{"line":125,"column":39}},"skip":true},"8":{"name":"(anonymous_8)","line":133,"loc":{"start":{"line":133,"column":59},"end":{"line":133,"column":74}},"skip":true},"9":{"name":"(anonymous_9)","line":143,"loc":{"start":{"line":143,"column":45},"end":{"line":143,"column":62}},"skip":true},"10":{"name":"(anonymous_10)","line":144,"loc":{"start":{"line":144,"column":73},"end":{"line":144,"column":92}},"skip":true},"11":{"name":"(anonymous_11)","line":272,"loc":{"start":{"line":272,"column":51},"end":{"line":272,"column":77}},"skip":true},"12":{"name":"(anonymous_12)","line":315,"loc":{"start":{"line":315,"column":32},"end":{"line":315,"column":61}},"skip":true}},"statementMap":{"1":{"start":{"line":26,"column":0},"end":{"line":326,"column":5}},"2":{"start":{"line":28,"column":4},"end":{"line":28,"column":14}},"3":{"start":{"line":33,"column":4},"end":{"line":60,"column":9}},"4":{"start":{"line":35,"column":8},"end":{"line":35,"column":19}},"5":{"start":{"line":37,"column":8},"end":{"line":49,"column":13}},"6":{"start":{"line":38,"column":12},"end":{"line":48,"column":13}},"7":{"start":{"line":39,"column":16},"end":{"line":42,"column":30}},"8":{"start":{"line":44,"column":16},"end":{"line":47,"column":27}},"9":{"start":{"line":51,"column":8},"end":{"line":53,"column":21}},"10":{"start":{"line":55,"column":8},"end":{"line":57,"column":45}},"11":{"start":{"line":59,"column":8},"end":{"line":59,"column":35}},"12":{"start":{"line":61,"column":4},"end":{"line":325,"column":5}},"13":{"start":{"line":69,"column":8},"end":{"line":121,"column":10},"skip":true},"14":{"start":{"line":70,"column":12},"end":{"line":88,"column":13},"skip":true},"15":{"start":{"line":76,"column":16},"end":{"line":87,"column":19},"skip":true},"16":{"start":{"line":79,"column":20},"end":{"line":86,"column":21},"skip":true},"17":{"start":{"line":82,"column":24},"end":{"line":82,"column":43},"skip":true},"18":{"start":{"line":83,"column":24},"end":{"line":83,"column":30},"skip":true},"19":{"start":{"line":85,"column":24},"end":{"line":85,"column":49},"skip":true},"20":{"start":{"line":89,"column":12},"end":{"line":107,"column":13},"skip":true},"21":{"start":{"line":92,"column":16},"end":{"line":102,"column":17},"skip":true},"22":{"start":{"line":93,"column":20},"end":{"line":93,"column":86},"skip":true},"23":{"start":{"line":94,"column":20},"end":{"line":95,"column":45},"skip":true},"24":{"start":{"line":96,"column":20},"end":{"line":96,"column":42},"skip":true},"25":{"start":{"line":97,"column":20},"end":{"line":97,"column":48},"skip":true},"26":{"start":{"line":100,"column":20},"end":{"line":100,"column":85},"skip":true},"27":{"start":{"line":101,"column":20},"end":{"line":101,"column":96},"skip":true},"28":{"start":{"line":103,"column":16},"end":{"line":103,"column":22},"skip":true},"29":{"start":{"line":106,"column":16},"end":{"line":106,"column":22},"skip":true},"30":{"start":{"line":108,"column":12},"end":{"line":120,"column":13},"skip":true},"31":{"start":{"line":114,"column":16},"end":{"line":119,"column":17},"skip":true},"32":{"start":{"line":116,"column":20},"end":{"line":116,"column":78},"skip":true},"33":{"start":{"line":118,"column":20},"end":{"line":118,"column":47},"skip":true},"34":{"start":{"line":123,"column":8},"end":{"line":141,"column":11},"skip":true},"35":{"start":{"line":124,"column":12},"end":{"line":124,"column":54},"skip":true},"36":{"start":{"line":125,"column":12},"end":{"line":140,"column":14},"skip":true},"37":{"start":{"line":126,"column":16},"end":{"line":126,"column":28},"skip":true},"38":{"start":{"line":127,"column":16},"end":{"line":127,"column":69},"skip":true},"39":{"start":{"line":128,"column":16},"end":{"line":128,"column":75},"skip":true},"40":{"start":{"line":129,"column":16},"end":{"line":131,"column":17},"skip":true},"41":{"start":{"line":130,"column":20},"end":{"line":130,"column":27},"skip":true},"42":{"start":{"line":133,"column":16},"end":{"line":137,"column":36},"skip":true},"43":{"start":{"line":134,"column":20},"end":{"line":136,"column":55},"skip":true},"44":{"start":{"line":139,"column":16},"end":{"line":139,"column":57},"skip":true},"45":{"start":{"line":143,"column":8},"end":{"line":147,"column":11},"skip":true},"46":{"start":{"line":144,"column":12},"end":{"line":146,"column":15},"skip":true},"47":{"start":{"line":145,"column":16},"end":{"line":145,"column":70},"skip":true},"48":{"start":{"line":149,"column":8},"end":{"line":149,"column":31},"skip":true},"49":{"start":{"line":150,"column":8},"end":{"line":150,"column":14},"skip":true},"50":{"start":{"line":158,"column":8},"end":{"line":158,"column":31},"skip":true},"51":{"start":{"line":160,"column":8},"end":{"line":160,"column":33},"skip":true},"52":{"start":{"line":161,"column":8},"end":{"line":161,"column":37},"skip":true},"53":{"start":{"line":162,"column":8},"end":{"line":162,"column":35},"skip":true},"54":{"start":{"line":164,"column":8},"end":{"line":164,"column":50},"skip":true},"55":{"start":{"line":166,"column":8},"end":{"line":256,"column":2},"skip":true},"56":{"start":{"line":258,"column":8},"end":{"line":286,"column":9},"skip":true},"57":{"start":{"line":259,"column":12},"end":{"line":269,"column":14},"skip":true},"58":{"start":{"line":271,"column":12},"end":{"line":285,"column":19},"skip":true},"59":{"start":{"line":274,"column":20},"end":{"line":274,"column":35},"skip":true},"60":{"start":{"line":275,"column":20},"end":{"line":284,"column":21},"skip":true},"61":{"start":{"line":277,"column":24},"end":{"line":277,"column":64},"skip":true},"62":{"start":{"line":279,"column":24},"end":{"line":279,"column":40},"skip":true},"63":{"start":{"line":281,"column":24},"end":{"line":281,"column":40},"skip":true},"64":{"start":{"line":283,"column":24},"end":{"line":283,"column":39},"skip":true},"65":{"start":{"line":288,"column":8},"end":{"line":290,"column":9},"skip":true},"66":{"start":{"line":289,"column":12},"end":{"line":289,"column":18},"skip":true},"67":{"start":{"line":291,"column":8},"end":{"line":293,"column":54},"skip":true},"68":{"start":{"line":296,"column":8},"end":{"line":301,"column":37},"skip":true},"69":{"start":{"line":303,"column":8},"end":{"line":303,"column":82},"skip":true},"70":{"start":{"line":306,"column":8},"end":{"line":308,"column":9},"skip":true},"71":{"start":{"line":307,"column":12},"end":{"line":307,"column":82},"skip":true},"72":{"start":{"line":310,"column":8},"end":{"line":312,"column":9},"skip":true},"73":{"start":{"line":311,"column":12},"end":{"line":311,"column":18},"skip":true},"74":{"start":{"line":313,"column":8},"end":{"line":313,"column":54},"skip":true},"75":{"start":{"line":314,"column":8},"end":{"line":314,"column":69},"skip":true},"76":{"start":{"line":315,"column":8},"end":{"line":323,"column":36},"skip":true},"77":{"start":{"line":316,"column":12},"end":{"line":316,"column":61},"skip":true},"78":{"start":{"line":317,"column":12},"end":{"line":320,"column":13},"skip":true},"79":{"start":{"line":318,"column":16},"end":{"line":318,"column":75},"skip":true},"80":{"start":{"line":319,"column":16},"end":{"line":319,"column":23},"skip":true},"81":{"start":{"line":321,"column":12},"end":{"line":321,"column":38},"skip":true},"82":{"start":{"line":322,"column":12},"end":{"line":322,"column":27},"skip":true},"83":{"start":{"line":324,"column":8},"end":{"line":324,"column":14},"skip":true}},"branchMap":{"1":{"line":39,"type":"binary-expr","locations":[{"start":{"line":39,"column":23},"end":{"line":39,"column":62}},{"start":{"line":40,"column":20},"end":{"line":40,"column":70}},{"start":{"line":41,"column":20},"end":{"line":41,"column":71}},{"start":{"line":42,"column":20},"end":{"line":42,"column":29}}]},"2":{"line":44,"type":"binary-expr","locations":[{"start":{"line":44,"column":23},"end":{"line":44,"column":37}},{"start":{"line":45,"column":20},"end":{"line":45,"column":61}},{"start":{"line":46,"column":20},"end":{"line":46,"column":70}},{"start":{"line":47,"column":20},"end":{"line":47,"column":26}}]},"3":{"line":51,"type":"cond-expr","locations":[{"start":{"line":52,"column":14},"end":{"line":52,"column":20}},{"start":{"line":53,"column":14},"end":{"line":53,"column":20}}]},"4":{"line":55,"type":"binary-expr","locations":[{"start":{"line":55,"column":16},"end":{"line":55,"column":44}},{"start":{"line":55,"column":49},"end":{"line":57,"column":43}}]},"5":{"line":55,"type":"cond-expr","locations":[{"start":{"line":56,"column":14},"end":{"line":56,"column":57}},{"start":{"line":57,"column":14},"end":{"line":57,"column":43}}]},"6":{"line":61,"type":"switch","locations":[{"start":{"line":68,"column":4},"end":{"line":150,"column":14},"skip":true},{"start":{"line":156,"column":4},"end":{"line":324,"column":14},"skip":true}]},"7":{"line":70,"type":"if","locations":[{"start":{"line":70,"column":12},"end":{"line":70,"column":12},"skip":true},{"start":{"line":70,"column":12},"end":{"line":70,"column":12},"skip":true}]},"8":{"line":70,"type":"binary-expr","locations":[{"start":{"line":70,"column":16},"end":{"line":70,"column":22},"skip":true},{"start":{"line":70,"column":27},"end":{"line":70,"column":32},"skip":true},{"start":{"line":71,"column":20},"end":{"line":71,"column":39},"skip":true},{"start":{"line":72,"column":20},"end":{"line":72,"column":49},"skip":true},{"start":{"line":73,"column":20},"end":{"line":73,"column":58},"skip":true},{"start":{"line":74,"column":20},"end":{"line":74,"column":69},"skip":true}]},"9":{"line":79,"type":"switch","locations":[{"start":{"line":80,"column":20},"end":{"line":80,"column":33},"skip":true},{"start":{"line":81,"column":20},"end":{"line":83,"column":30},"skip":true},{"start":{"line":84,"column":20},"end":{"line":85,"column":49},"skip":true}]},"10":{"line":89,"type":"switch","locations":[{"start":{"line":90,"column":12},"end":{"line":103,"column":22},"skip":true},{"start":{"line":105,"column":12},"end":{"line":106,"column":22},"skip":true}]},"11":{"line":89,"type":"binary-expr","locations":[{"start":{"line":89,"column":20},"end":{"line":89,"column":25},"skip":true},{"start":{"line":89,"column":29},"end":{"line":89,"column":48},"skip":true},{"start":{"line":89,"column":52},"end":{"line":89,"column":74},"skip":true}]},"12":{"line":92,"type":"if","locations":[{"start":{"line":92,"column":16},"end":{"line":92,"column":16},"skip":true},{"start":{"line":92,"column":16},"end":{"line":92,"column":16},"skip":true}]},"13":{"line":108,"type":"if","locations":[{"start":{"line":108,"column":12},"end":{"line":108,"column":12},"skip":true},{"start":{"line":108,"column":12},"end":{"line":108,"column":12},"skip":true}]},"14":{"line":108,"type":"binary-expr","locations":[{"start":{"line":108,"column":16},"end":{"line":108,"column":61},"skip":true},{"start":{"line":108,"column":66},"end":{"line":108,"column":72},"skip":true},{"start":{"line":108,"column":77},"end":{"line":108,"column":82},"skip":true},{"start":{"line":109,"column":20},"end":{"line":109,"column":39},"skip":true},{"start":{"line":110,"column":20},"end":{"line":110,"column":49},"skip":true},{"start":{"line":111,"column":20},"end":{"line":111,"column":58},"skip":true},{"start":{"line":112,"column":20},"end":{"line":112,"column":68},"skip":true}]},"15":{"line":129,"type":"if","locations":[{"start":{"line":129,"column":16},"end":{"line":129,"column":16},"skip":true},{"start":{"line":129,"column":16},"end":{"line":129,"column":16},"skip":true}]},"16":{"line":134,"type":"cond-expr","locations":[{"start":{"line":135,"column":26},"end":{"line":135,"column":29},"skip":true},{"start":{"line":136,"column":26},"end":{"line":136,"column":54},"skip":true}]},"17":{"line":164,"type":"binary-expr","locations":[{"start":{"line":164,"column":27},"end":{"line":164,"column":43},"skip":true},{"start":{"line":164,"column":47},"end":{"line":164,"column":49},"skip":true}]},"18":{"line":258,"type":"if","locations":[{"start":{"line":258,"column":8},"end":{"line":258,"column":8},"skip":true},{"start":{"line":258,"column":8},"end":{"line":258,"column":8},"skip":true}]},"19":{"line":275,"type":"switch","locations":[{"start":{"line":276,"column":20},"end":{"line":277,"column":64},"skip":true},{"start":{"line":278,"column":20},"end":{"line":279,"column":40},"skip":true},{"start":{"line":280,"column":20},"end":{"line":281,"column":40},"skip":true},{"start":{"line":282,"column":20},"end":{"line":283,"column":39},"skip":true}]},"20":{"line":288,"type":"if","locations":[{"start":{"line":288,"column":8},"end":{"line":288,"column":8},"skip":true},{"start":{"line":288,"column":8},"end":{"line":288,"column":8},"skip":true}]},"21":{"line":288,"type":"binary-expr","locations":[{"start":{"line":288,"column":12},"end":{"line":288,"column":40},"skip":true},{"start":{"line":288,"column":44},"end":{"line":288,"column":67},"skip":true}]},"22":{"line":292,"type":"binary-expr","locations":[{"start":{"line":292,"column":12},"end":{"line":292,"column":50},"skip":true},{"start":{"line":293,"column":12},"end":{"line":293,"column":53},"skip":true}]},"23":{"line":297,"type":"binary-expr","locations":[{"start":{"line":297,"column":12},"end":{"line":297,"column":71},"skip":true},{"start":{"line":298,"column":12},"end":{"line":301,"column":36},"skip":true}]},"24":{"line":303,"type":"binary-expr","locations":[{"start":{"line":303,"column":43},"end":{"line":303,"column":75},"skip":true},{"start":{"line":303,"column":79},"end":{"line":303,"column":81},"skip":true}]},"25":{"line":306,"type":"if","locations":[{"start":{"line":306,"column":8},"end":{"line":306,"column":8},"skip":true},{"start":{"line":306,"column":8},"end":{"line":306,"column":8},"skip":true}]},"26":{"line":310,"type":"if","locations":[{"start":{"line":310,"column":8},"end":{"line":310,"column":8},"skip":true},{"start":{"line":310,"column":8},"end":{"line":310,"column":8},"skip":true}]},"27":{"line":313,"type":"binary-expr","locations":[{"start":{"line":313,"column":27},"end":{"line":313,"column":43},"skip":true},{"start":{"line":313,"column":47},"end":{"line":313,"column":53},"skip":true}]},"28":{"line":317,"type":"if","locations":[{"start":{"line":317,"column":12},"end":{"line":317,"column":12},"skip":true},{"start":{"line":317,"column":12},"end":{"line":317,"column":12},"skip":true}]}},"code":["/*","example.js","","quickstart example","","instruction","    1. save this script as example.js","    2. run the shell command:","        $ npm install npmtest-gulp-coverage && PORT=8081 node example.js","    3. play with the browser-demo on http://127.0.0.1:8081","*/","","","","/* istanbul instrument in package npmtest_gulp_coverage */","/*jslint","    bitwise: true,","    browser: true,","    maxerr: 8,","    maxlen: 96,","    node: true,","    nomen: true,","    regexp: true,","    stupid: true","*/","(function () {","    'use strict';","    var local;","","","","    // run shared js-env code - pre-init","    (function () {","        // init local","        local = {};","        // init modeJs","        local.modeJs = (function () {","            try {","                return typeof navigator.userAgent === 'string' &&","                    typeof document.querySelector('body') === 'object' &&","                    typeof XMLHttpRequest.prototype.open === 'function' &&","                    'browser';","            } catch (errorCaughtBrowser) {","                return module.exports &&","                    typeof process.versions.node === 'string' &&","                    typeof require('http').createServer === 'function' &&","                    'node';","            }","        }());","        // init global","        local.global = local.modeJs === 'browser'","            ? window","            : global;","        // init utility2_rollup","        local = local.global.utility2_rollup || (local.modeJs === 'browser'","            ? local.global.utility2_npmtest_gulp_coverage","            : global.utility2_moduleExports);","        // export local","        local.global.local = local;","    }());","    switch (local.modeJs) {","","","","    // post-init","    // run browser js-env code - post-init","    /* istanbul ignore next */","    case 'browser':","        local.testRunBrowser = function (event) {","            if (!event || (event &&","                    event.currentTarget &&","                    event.currentTarget.className &&","                    event.currentTarget.className.includes &&","                    event.currentTarget.className.includes('onreset'))) {","                // reset output","                Array.from(","                    document.querySelectorAll('body > .resettable')","                ).forEach(function (element) {","                    switch (element.tagName) {","                    case 'INPUT':","                    case 'TEXTAREA':","                        element.value = '';","                        break;","                    default:","                        element.textContent = '';","                    }","                });","            }","            switch (event && event.currentTarget && event.currentTarget.id) {","            case 'testRunButton1':","                // show tests","                if (document.querySelector('#testReportDiv1').style.display === 'none') {","                    document.querySelector('#testReportDiv1').style.display = 'block';","                    document.querySelector('#testRunButton1').textContent =","                        'hide internal test';","                    local.modeTest = true;","                    local.testRunDefault(local);","                // hide tests","                } else {","                    document.querySelector('#testReportDiv1').style.display = 'none';","                    document.querySelector('#testRunButton1').textContent = 'run internal test';","                }","                break;","            // custom-case","            default:","                break;","            }","            if (document.querySelector('#inputTextareaEval1') && (!event || (event &&","                    event.currentTarget &&","                    event.currentTarget.className &&","                    event.currentTarget.className.includes &&","                    event.currentTarget.className.includes('oneval')))) {","                // try to eval input-code","                try {","                    /*jslint evil: true*/","                    eval(document.querySelector('#inputTextareaEval1').value);","                } catch (errorCaught) {","                    console.error(errorCaught);","                }","            }","        };","        // log stderr and stdout to #outputTextareaStdout1","        ['error', 'log'].forEach(function (key) {","            console[key + '_original'] = console[key];","            console[key] = function () {","                var element;","                console[key + '_original'].apply(console, arguments);","                element = document.querySelector('#outputTextareaStdout1');","                if (!element) {","                    return;","                }","                // append text to #outputTextareaStdout1","                element.value += Array.from(arguments).map(function (arg) {","                    return typeof arg === 'string'","                        ? arg","                        : JSON.stringify(arg, null, 4);","                }).join(' ') + '\\n';","                // scroll textarea to bottom","                element.scrollTop = element.scrollHeight;","            };","        });","        // init event-handling","        ['change', 'click', 'keyup'].forEach(function (event) {","            Array.from(document.querySelectorAll('.on' + event)).forEach(function (element) {","                element.addEventListener(event, local.testRunBrowser);","            });","        });","        // run tests","        local.testRunBrowser();","        break;","","","","    // run node js-env code - post-init","    /* istanbul ignore next */","    case 'node':","        // export local","        module.exports = local;","        // require modules","        local.fs = require('fs');","        local.http = require('http');","        local.url = require('url');","        // init assets","        local.assetsDict = local.assetsDict || {};","        /* jslint-ignore-begin */","        local.assetsDict['/assets.index.template.html'] = '\\","<!doctype html>\\n\\","<html lang=\"en\">\\n\\","<head>\\n\\","<meta charset=\"UTF-8\">\\n\\","<meta name=\"viewport\" content=\"width=device-width, initial-scale=1\">\\n\\","<title>{{env.npm_package_name}} (v{{env.npm_package_version}})</title>\\n\\","<style>\\n\\","/*csslint\\n\\","    box-sizing: false,\\n\\","    universal-selector: false\\n\\","*/\\n\\","* {\\n\\","    box-sizing: border-box;\\n\\","}\\n\\","body {\\n\\","    background: #dde;\\n\\","    font-family: Arial, Helvetica, sans-serif;\\n\\","    margin: 2rem;\\n\\","}\\n\\","body > * {\\n\\","    margin-bottom: 1rem;\\n\\","}\\n\\",".utility2FooterDiv {\\n\\","    margin-top: 20px;\\n\\","    text-align: center;\\n\\","}\\n\\","</style>\\n\\","<style>\\n\\","/*csslint\\n\\","*/\\n\\","textarea {\\n\\","    font-family: monospace;\\n\\","    height: 10rem;\\n\\","    width: 100%;\\n\\","}\\n\\","textarea[readonly] {\\n\\","    background: #ddd;\\n\\","}\\n\\","</style>\\n\\","</head>\\n\\","<body>\\n\\","<!-- utility2-comment\\n\\","<div id=\"ajaxProgressDiv1\" style=\"background: #d00; height: 2px; left: 0; margin: 0; padding: 0; position: fixed; top: 0; transition: background 0.5s, width 1.5s; width: 25%;\"></div>\\n\\","utility2-comment -->\\n\\","<h1>\\n\\","<!-- utility2-comment\\n\\","    <a\\n\\","        {{#if env.npm_package_homepage}}\\n\\","        href=\"{{env.npm_package_homepage}}\"\\n\\","        {{/if env.npm_package_homepage}}\\n\\","        target=\"_blank\"\\n\\","    >\\n\\","utility2-comment -->\\n\\","        {{env.npm_package_name}} (v{{env.npm_package_version}})\\n\\","<!-- utility2-comment\\n\\","    </a>\\n\\","utility2-comment -->\\n\\","</h1>\\n\\","<h3>{{env.npm_package_description}}</h3>\\n\\","<!-- utility2-comment\\n\\","<h4><a download href=\"assets.app.js\">download standalone app</a></h4>\\n\\","<button class=\"onclick onreset\" id=\"testRunButton1\">run internal test</button><br>\\n\\","<div id=\"testReportDiv1\" style=\"display: none;\"></div>\\n\\","utility2-comment -->\\n\\","\\n\\","\\n\\","\\n\\","<label>stderr and stdout</label>\\n\\","<textarea class=\"resettable\" id=\"outputTextareaStdout1\" readonly></textarea>\\n\\","<!-- utility2-comment\\n\\","{{#if isRollup}}\\n\\","<script src=\"assets.app.js\"></script>\\n\\","{{#unless isRollup}}\\n\\","utility2-comment -->\\n\\","<script src=\"assets.utility2.rollup.js\"></script>\\n\\","<script src=\"jsonp.utility2._stateInit?callback=window.utility2._stateInit\"></script>\\n\\","<script src=\"assets.npmtest_gulp_coverage.rollup.js\"></script>\\n\\","<script src=\"assets.example.js\"></script>\\n\\","<script src=\"assets.test.js\"></script>\\n\\","<!-- utility2-comment\\n\\","{{/if isRollup}}\\n\\","utility2-comment -->\\n\\","<div class=\"utility2FooterDiv\">\\n\\","    [ this app was created with\\n\\","    <a href=\"https://github.com/kaizhu256/node-utility2\" target=\"_blank\">utility2</a>\\n\\","    ]\\n\\","</div>\\n\\","</body>\\n\\","</html>\\n\\","';","        /* jslint-ignore-end */","        if (local.templateRender) {","            local.assetsDict['/'] = local.templateRender(","                local.assetsDict['/assets.index.template.html'],","                {","                    env: local.objectSetDefault(local.env, {","                        npm_package_description: 'the greatest app in the world!',","                        npm_package_name: 'my-app',","                        npm_package_nameAlias: 'my_app',","                        npm_package_version: '0.0.1'","                    })","                }","            );","        } else {","            local.assetsDict['/'] = local.assetsDict['/assets.index.template.html']","                .replace((/\\{\\{env\\.(\\w+?)\\}\\}/g), function (match0, match1) {","                    // jslint-hack","                    String(match0);","                    switch (match1) {","                    case 'npm_package_description':","                        return 'the greatest app in the world!';","                    case 'npm_package_name':","                        return 'my-app';","                    case 'npm_package_nameAlias':","                        return 'my_app';","                    case 'npm_package_version':","                        return '0.0.1';","                    }","                });","        }","        // run the cli","        if (local.global.utility2_rollup || module !== require.main) {","            break;","        }","        local.assetsDict['/assets.example.js'] =","            local.assetsDict['/assets.example.js'] ||","            local.fs.readFileSync(__filename, 'utf8');","        // bug-workaround - long $npm_package_buildCustomOrg","        /* jslint-ignore-begin */","        local.assetsDict['/assets.npmtest_gulp_coverage.rollup.js'] =","            local.assetsDict['/assets.npmtest_gulp_coverage.rollup.js'] ||","            local.fs.readFileSync(","                local.npmtest_gulp_coverage.__dirname + '/lib.npmtest_gulp_coverage.js',","                'utf8'","            ).replace((/^#!/), '//');","        /* jslint-ignore-end */","        local.assetsDict['/favicon.ico'] = local.assetsDict['/favicon.ico'] || '';","        // if $npm_config_timeout_exit exists,","        // then exit this process after $npm_config_timeout_exit ms","        if (Number(process.env.npm_config_timeout_exit)) {","            setTimeout(process.exit, Number(process.env.npm_config_timeout_exit));","        }","        // start server","        if (local.global.utility2_serverHttp1) {","            break;","        }","        process.env.PORT = process.env.PORT || '8081';","        console.error('server starting on port ' + process.env.PORT);","        local.http.createServer(function (request, response) {","            request.urlParsed = local.url.parse(request.url);","            if (local.assetsDict[request.urlParsed.pathname] !== undefined) {","                response.end(local.assetsDict[request.urlParsed.pathname]);","                return;","            }","            response.statusCode = 404;","            response.end();","        }).listen(process.env.PORT);","        break;","    }","}());",""],"l":{"26":2,"28":2,"33":2,"35":2,"37":2,"38":2,"39":2,"44":1,"51":2,"55":2,"59":2,"61":2,"69":1,"70":2,"76":2,"79":2,"82":2,"83":2,"85":1,"89":2,"92":1,"93":1,"94":1,"96":1,"97":1,"100":1,"101":1,"103":1,"106":1,"108":2,"114":1,"116":1,"118":1,"123":1,"124":2,"125":2,"126":3,"127":3,"128":3,"129":3,"130":1,"133":3,"134":3,"139":3,"143":1,"144":3,"145":1,"149":1,"150":1,"158":1,"160":1,"161":1,"162":1,"164":1,"166":1,"258":1,"259":1,"271":1,"274":6,"275":6,"277":1,"279":2,"281":1,"283":2,"288":1,"289":1,"291":1,"296":1,"303":1,"306":1,"307":1,"310":1,"311":1,"313":1,"314":1,"315":1,"316":1,"317":1,"318":1,"319":1,"321":1,"322":1,"324":1}},"/home/travis/build/npmtest/node-npmtest-gulp-coverage/node_modules/gulp-coverage/index.js":{"path":"/home/travis/build/npmtest/node-npmtest-gulp-coverage/node_modules/gulp-coverage/index.js","s":{"1":1,"2":1,"3":1,"4":1,"5":1,"6":1,"7":1,"8":0,"9":0,"10":0,"11":0,"12":0,"13":0,"14":0,"15":0,"16":0,"17":0,"18":0,"19":0,"20":0,"21":1,"22":0,"23":0,"24":0,"25":0,"26":0,"27":0,"28":0,"29":0,"30":0,"31":0,"32":0,"33":0,"34":0,"35":0,"36":1,"37":0,"38":0,"39":0,"40":0,"41":0,"42":0,"43":0,"44":0,"45":0,"46":0,"47":0,"48":1,"49":0,"50":0,"51":0,"52":0,"53":0,"54":0,"55":0,"56":0,"57":0,"58":0,"59":0,"60":0,"61":0,"62":0,"63":0,"64":0,"65":1,"66":0,"67":0,"68":0,"69":0,"70":0,"71":0,"72":0,"73":0,"74":0,"75":0,"76":0,"77":0,"78":0,"79":0,"80":0,"81":0,"82":0,"83":0,"84":0},"b":{"1":[0,0],"2":[0,0],"3":[0,0],"4":[0,0],"5":[0,0],"6":[0,0],"7":[0,0],"8":[0,0],"9":[0,0],"10":[0,0],"11":[0,0],"12":[0,0],"13":[0,0],"14":[0,0],"15":[0,0],"16":[0,0],"17":[0,0],"18":[0,0],"19":[0,0],"20":[0,0,0],"21":[0,0],"22":[0,0],"23":[0,0],"24":[0,0],"25":[0,0],"26":[0,0]},"f":{"1":0,"2":0,"3":0,"4":0,"5":0,"6":0,"7":0,"8":0,"9":0,"10":0,"11":0,"12":0,"13":0,"14":0,"15":0,"16":0},"fnMap":{"1":{"name":"(anonymous_1)","line":15,"loc":{"start":{"line":15,"column":28},"end":{"line":15,"column":47}}},"2":{"name":"(anonymous_2)","line":24,"loc":{"start":{"line":24,"column":24},"end":{"line":24,"column":54}}},"3":{"name":"(anonymous_3)","line":33,"loc":{"start":{"line":33,"column":4},"end":{"line":33,"column":18}}},"4":{"name":"(anonymous_4)","line":38,"loc":{"start":{"line":38,"column":24},"end":{"line":38,"column":43}}},"5":{"name":"(anonymous_5)","line":43,"loc":{"start":{"line":43,"column":8},"end":{"line":43,"column":38}}},"6":{"name":"(anonymous_6)","line":49,"loc":{"start":{"line":49,"column":11},"end":{"line":49,"column":25}}},"7":{"name":"(anonymous_7)","line":62,"loc":{"start":{"line":62,"column":24},"end":{"line":62,"column":36}}},"8":{"name":"(anonymous_8)","line":64,"loc":{"start":{"line":64,"column":8},"end":{"line":64,"column":38}}},"9":{"name":"(anonymous_9)","line":70,"loc":{"start":{"line":70,"column":11},"end":{"line":70,"column":25}}},"10":{"name":"(anonymous_10)","line":82,"loc":{"start":{"line":82,"column":25},"end":{"line":82,"column":44}}},"11":{"name":"(anonymous_11)","line":89,"loc":{"start":{"line":89,"column":8},"end":{"line":89,"column":38}}},"12":{"name":"(anonymous_12)","line":116,"loc":{"start":{"line":116,"column":11},"end":{"line":116,"column":25}}},"13":{"name":"(anonymous_13)","line":121,"loc":{"start":{"line":121,"column":24},"end":{"line":121,"column":43}}},"14":{"name":"(anonymous_14)","line":125,"loc":{"start":{"line":125,"column":8},"end":{"line":125,"column":38}}},"15":{"name":"(anonymous_15)","line":133,"loc":{"start":{"line":133,"column":30},"end":{"line":133,"column":45}}},"16":{"name":"(anonymous_16)","line":147,"loc":{"start":{"line":147,"column":11},"end":{"line":147,"column":25}}}},"statementMap":{"1":{"start":{"line":8,"column":0},"end":{"line":8,"column":27}},"2":{"start":{"line":9,"column":0},"end":{"line":9,"column":23}},"3":{"start":{"line":10,"column":0},"end":{"line":10,"column":39}},"4":{"start":{"line":11,"column":0},"end":{"line":11,"column":35}},"5":{"start":{"line":12,"column":0},"end":{"line":12,"column":33}},"6":{"start":{"line":13,"column":0},"end":{"line":13,"column":14}},"7":{"start":{"line":15,"column":0},"end":{"line":36,"column":2}},"8":{"start":{"line":16,"column":4},"end":{"line":16,"column":28}},"9":{"start":{"line":17,"column":4},"end":{"line":17,"column":20}},"10":{"start":{"line":18,"column":4},"end":{"line":18,"column":17}},"11":{"start":{"line":19,"column":4},"end":{"line":21,"column":5}},"12":{"start":{"line":20,"column":8},"end":{"line":20,"column":28}},"13":{"start":{"line":22,"column":4},"end":{"line":22,"column":69}},"14":{"start":{"line":24,"column":4},"end":{"line":35,"column":7}},"15":{"start":{"line":25,"column":8},"end":{"line":28,"column":9}},"16":{"start":{"line":26,"column":12},"end":{"line":26,"column":98}},"17":{"start":{"line":27,"column":12},"end":{"line":27,"column":24}},"18":{"start":{"line":30,"column":8},"end":{"line":30,"column":24}},"19":{"start":{"line":31,"column":8},"end":{"line":31,"column":13}},"20":{"start":{"line":34,"column":8},"end":{"line":34,"column":13}},"21":{"start":{"line":38,"column":0},"end":{"line":60,"column":2}},"22":{"start":{"line":39,"column":4},"end":{"line":39,"column":28}},"23":{"start":{"line":40,"column":4},"end":{"line":40,"column":46}},"24":{"start":{"line":42,"column":4},"end":{"line":59,"column":11}},"25":{"start":{"line":44,"column":12},"end":{"line":47,"column":13}},"26":{"start":{"line":45,"column":16},"end":{"line":45,"column":102}},"27":{"start":{"line":46,"column":16},"end":{"line":46,"column":28}},"28":{"start":{"line":48,"column":12},"end":{"line":48,"column":17}},"29":{"start":{"line":50,"column":12},"end":{"line":50,"column":22}},"30":{"start":{"line":52,"column":12},"end":{"line":54,"column":13}},"31":{"start":{"line":53,"column":16},"end":{"line":53,"column":78}},"32":{"start":{"line":55,"column":12},"end":{"line":55,"column":41}},"33":{"start":{"line":56,"column":12},"end":{"line":56,"column":92}},"34":{"start":{"line":57,"column":12},"end":{"line":57,"column":43}},"35":{"start":{"line":58,"column":12},"end":{"line":58,"column":17}},"36":{"start":{"line":62,"column":0},"end":{"line":80,"column":2}},"37":{"start":{"line":63,"column":4},"end":{"line":79,"column":11}},"38":{"start":{"line":65,"column":12},"end":{"line":68,"column":13}},"39":{"start":{"line":66,"column":16},"end":{"line":66,"column":102}},"40":{"start":{"line":67,"column":16},"end":{"line":67,"column":28}},"41":{"start":{"line":69,"column":12},"end":{"line":69,"column":17}},"42":{"start":{"line":71,"column":12},"end":{"line":71,"column":22}},"43":{"start":{"line":73,"column":12},"end":{"line":75,"column":13}},"44":{"start":{"line":74,"column":16},"end":{"line":74,"column":78}},"45":{"start":{"line":76,"column":12},"end":{"line":76,"column":41}},"46":{"start":{"line":77,"column":12},"end":{"line":77,"column":43}},"47":{"start":{"line":78,"column":12},"end":{"line":78,"column":17}},"48":{"start":{"line":82,"column":0},"end":{"line":119,"column":2}},"49":{"start":{"line":83,"column":4},"end":{"line":83,"column":28}},"50":{"start":{"line":84,"column":4},"end":{"line":87,"column":38}},"51":{"start":{"line":88,"column":4},"end":{"line":118,"column":11}},"52":{"start":{"line":90,"column":12},"end":{"line":94,"column":13}},"53":{"start":{"line":91,"column":16},"end":{"line":92,"column":74}},"54":{"start":{"line":93,"column":16},"end":{"line":93,"column":28}},"55":{"start":{"line":95,"column":12},"end":{"line":99,"column":13}},"56":{"start":{"line":96,"column":16},"end":{"line":98,"column":70}},"57":{"start":{"line":100,"column":12},"end":{"line":104,"column":13}},"58":{"start":{"line":101,"column":16},"end":{"line":103,"column":65}},"59":{"start":{"line":105,"column":12},"end":{"line":109,"column":13}},"60":{"start":{"line":106,"column":16},"end":{"line":108,"column":66}},"61":{"start":{"line":110,"column":12},"end":{"line":114,"column":13}},"62":{"start":{"line":111,"column":16},"end":{"line":113,"column":69}},"63":{"start":{"line":115,"column":12},"end":{"line":115,"column":17}},"64":{"start":{"line":117,"column":12},"end":{"line":117,"column":17}},"65":{"start":{"line":121,"column":0},"end":{"line":150,"column":2}},"66":{"start":{"line":122,"column":4},"end":{"line":122,"column":36}},"67":{"start":{"line":123,"column":4},"end":{"line":123,"column":59}},"68":{"start":{"line":123,"column":35},"end":{"line":123,"column":59}},"69":{"start":{"line":124,"column":4},"end":{"line":149,"column":11}},"70":{"start":{"line":126,"column":12},"end":{"line":126,"column":21}},"71":{"start":{"line":127,"column":12},"end":{"line":132,"column":13}},"72":{"start":{"line":128,"column":16},"end":{"line":129,"column":64}},"73":{"start":{"line":130,"column":16},"end":{"line":130,"column":21}},"74":{"start":{"line":131,"column":16},"end":{"line":131,"column":23}},"75":{"start":{"line":133,"column":12},"end":{"line":145,"column":21}},"76":{"start":{"line":134,"column":16},"end":{"line":134,"column":72}},"77":{"start":{"line":134,"column":46},"end":{"line":134,"column":72}},"78":{"start":{"line":135,"column":16},"end":{"line":135,"column":55}},"79":{"start":{"line":136,"column":16},"end":{"line":136,"column":69}},"80":{"start":{"line":137,"column":16},"end":{"line":142,"column":19}},"81":{"start":{"line":143,"column":16},"end":{"line":143,"column":46}},"82":{"start":{"line":144,"column":16},"end":{"line":144,"column":32}},"83":{"start":{"line":146,"column":12},"end":{"line":146,"column":17}},"84":{"start":{"line":148,"column":12},"end":{"line":148,"column":17}}},"branchMap":{"1":{"line":16,"type":"binary-expr","locations":[{"start":{"line":16,"column":14},"end":{"line":16,"column":21}},{"start":{"line":16,"column":25},"end":{"line":16,"column":27}}]},"2":{"line":19,"type":"if","locations":[{"start":{"line":19,"column":4},"end":{"line":19,"column":4}},{"start":{"line":19,"column":4},"end":{"line":19,"column":4}}]},"3":{"line":25,"type":"if","locations":[{"start":{"line":25,"column":8},"end":{"line":25,"column":8}},{"start":{"line":25,"column":8},"end":{"line":25,"column":8}}]},"4":{"line":39,"type":"binary-expr","locations":[{"start":{"line":39,"column":14},"end":{"line":39,"column":21}},{"start":{"line":39,"column":25},"end":{"line":39,"column":27}}]},"5":{"line":40,"type":"binary-expr","locations":[{"start":{"line":40,"column":19},"end":{"line":40,"column":35}},{"start":{"line":40,"column":39},"end":{"line":40,"column":45}}]},"6":{"line":44,"type":"if","locations":[{"start":{"line":44,"column":12},"end":{"line":44,"column":12}},{"start":{"line":44,"column":12},"end":{"line":44,"column":12}}]},"7":{"line":52,"type":"if","locations":[{"start":{"line":52,"column":12},"end":{"line":52,"column":12}},{"start":{"line":52,"column":12},"end":{"line":52,"column":12}}]},"8":{"line":56,"type":"cond-expr","locations":[{"start":{"line":56,"column":63},"end":{"line":56,"column":78}},{"start":{"line":56,"column":81},"end":{"line":56,"column":90}}]},"9":{"line":65,"type":"if","locations":[{"start":{"line":65,"column":12},"end":{"line":65,"column":12}},{"start":{"line":65,"column":12},"end":{"line":65,"column":12}}]},"10":{"line":73,"type":"if","locations":[{"start":{"line":73,"column":12},"end":{"line":73,"column":12}},{"start":{"line":73,"column":12},"end":{"line":73,"column":12}}]},"11":{"line":83,"type":"binary-expr","locations":[{"start":{"line":83,"column":14},"end":{"line":83,"column":21}},{"start":{"line":83,"column":25},"end":{"line":83,"column":27}}]},"12":{"line":84,"type":"binary-expr","locations":[{"start":{"line":84,"column":21},"end":{"line":84,"column":39}},{"start":{"line":84,"column":43},"end":{"line":84,"column":46}}]},"13":{"line":85,"type":"binary-expr","locations":[{"start":{"line":85,"column":17},"end":{"line":85,"column":31}},{"start":{"line":85,"column":35},"end":{"line":85,"column":38}}]},"14":{"line":86,"type":"binary-expr","locations":[{"start":{"line":86,"column":16},"end":{"line":86,"column":29}},{"start":{"line":86,"column":33},"end":{"line":86,"column":36}}]},"15":{"line":90,"type":"if","locations":[{"start":{"line":90,"column":12},"end":{"line":90,"column":12}},{"start":{"line":90,"column":12},"end":{"line":90,"column":12}}]},"16":{"line":95,"type":"if","locations":[{"start":{"line":95,"column":12},"end":{"line":95,"column":12}},{"start":{"line":95,"column":12},"end":{"line":95,"column":12}}]},"17":{"line":100,"type":"if","locations":[{"start":{"line":100,"column":12},"end":{"line":100,"column":12}},{"start":{"line":100,"column":12},"end":{"line":100,"column":12}}]},"18":{"line":105,"type":"if","locations":[{"start":{"line":105,"column":12},"end":{"line":105,"column":12}},{"start":{"line":105,"column":12},"end":{"line":105,"column":12}}]},"19":{"line":110,"type":"if","locations":[{"start":{"line":110,"column":12},"end":{"line":110,"column":12}},{"start":{"line":110,"column":12},"end":{"line":110,"column":12}}]},"20":{"line":110,"type":"binary-expr","locations":[{"start":{"line":110,"column":16},"end":{"line":110,"column":39}},{"start":{"line":110,"column":43},"end":{"line":110,"column":66}},{"start":{"line":110,"column":70},"end":{"line":110,"column":112}}]},"21":{"line":122,"type":"binary-expr","locations":[{"start":{"line":122,"column":20},"end":{"line":122,"column":27}},{"start":{"line":122,"column":31},"end":{"line":122,"column":35}}]},"22":{"line":123,"type":"if","locations":[{"start":{"line":123,"column":4},"end":{"line":123,"column":4}},{"start":{"line":123,"column":4},"end":{"line":123,"column":4}}]},"23":{"line":127,"type":"if","locations":[{"start":{"line":127,"column":12},"end":{"line":127,"column":12}},{"start":{"line":127,"column":12},"end":{"line":127,"column":12}}]},"24":{"line":134,"type":"if","locations":[{"start":{"line":134,"column":16},"end":{"line":134,"column":16}},{"start":{"line":134,"column":16},"end":{"line":134,"column":16}}]},"25":{"line":135,"type":"binary-expr","locations":[{"start":{"line":135,"column":31},"end":{"line":135,"column":44}},{"start":{"line":135,"column":48},"end":{"line":135,"column":54}}]},"26":{"line":136,"type":"binary-expr","locations":[{"start":{"line":136,"column":30},"end":{"line":136,"column":42}},{"start":{"line":136,"column":46},"end":{"line":136,"column":68}}]}},"code":["/*"," * Copyright (C) 2014 Dylan Barrell, all rights reserved"," *"," * Licensed under the MIT license"," *"," */","","var path = require('path');","var fs = require('fs');","var cover = require('./contrib/cover');","var through2 = require('through2');","var gutil = require('gulp-util');","var coverInst;","","module.exports.instrument = function (options) {","    options = options || {};","    cover.cleanup();","    cover.init();","    if (coverInst) {","        coverInst.release();","    }","    coverInst = cover.cover(options.pattern, options.debugDirectory);","","    return through2.obj(function (file, encoding, cb) {","        if (!file.path) {","            this.emit('error', new gutil.PluginError('gulp-coverage', 'Streaming not supported'));","            return cb();","        }","","        this.push(file);","        cb();","    },","    function (cb) {","        cb();","    });","};","","module.exports.report = function (options) {","    options = options || {};","    var reporter = options.reporter || 'html';","","    return through2.obj(","        function (file, encoding, cb) {","            if (!file.path) {","                this.emit('error', new gutil.PluginError('gulp-coverage', 'Streaming not supported'));","                return cb();","            }","            cb();","        }, function (cb) {","            var stats;","","            if (!coverInst) {","                throw new Error('Must call instrument before calling report');","            }","            stats = coverInst.allStats();","            cover.reporters[reporter](stats, options.outFile ? options.outFile : undefined);","            this.push({ coverage: stats });","            cb();","        });","};","","module.exports.gather = function () {","    return through2.obj(","        function (file, encoding, cb) {","            if (!file.path) {","                this.emit('error', new gutil.PluginError('gulp-coverage', 'Streaming not supported'));","                return cb();","            }","            cb();","        }, function (cb) {","            var stats;","","            if (!coverInst) {","                throw new Error('Must call instrument before calling report');","            }","            stats = coverInst.allStats();","            this.push({ coverage: stats });","            cb();","        });","};","","module.exports.enforce = function (options) {","    options = options || {};","    var statements = options.statements || 100,","        blocks = options.blocks || 100,","        lines = options.lines || 100,","        uncovered = options.uncovered;","    return through2.obj(","        function (data, encoding, cb) {","            if (!data.coverage) {","                this.emit('error', new gutil.PluginError('gulp-coverage',","                    'Must call gather or report before calling enforce'));","                return cb();","            }","            if (data.coverage.statements < statements) {","                this.emit('error', new gutil.PluginError('gulp-coverage',","                    'statement coverage of ' + data.coverage.statements +","                    ' does not meet the threshold of ' + statements));","            }","            if (data.coverage.coverage < lines) {","                this.emit('error', new gutil.PluginError('gulp-coverage',","                    'line coverage of ' + data.coverage.coverage +","                    ' does not meet the threshold of ' + lines));","            }","            if (data.coverage.blocks < blocks) {","                this.emit('error', new gutil.PluginError('gulp-coverage',","                    'block coverage of ' + data.coverage.blocks +","                    ' does not meet the threshold of ' + blocks));","            }","            if (data.coverage.uncovered && uncovered !== undefined && data.coverage.uncovered.length > uncovered) {","                this.emit('error', new gutil.PluginError('gulp-coverage',","                    'uncovered files of ' + data.coverage.uncovered.length +","                    ' does not meet the threshold of ' + uncovered));","            }","            cb();","        }, function (cb) {","            cb();","        });","};","","module.exports.format = function (options) {","    var reporters = options || [{}];","    if (!Array.isArray(reporters)) reporters = [reporters];","    return through2.obj(","        function (data, encoding, cb) {","            var file;","            if (!data.coverage) {","                this.emit('error', new gutil.PluginError('gulp-coverage',","                    'Must call gather before calling enforce'));","                cb();","                return;","            }","            reporters.forEach(function(opts) {","                if (typeof opts === 'string') opts = { reporter: opts };","                var reporter = opts.reporter || 'html';","                var outfile = opts.outFile || 'coverage.' + reporter;","                file = new gutil.File({","                    base: path.join(__dirname, './'),","                    cwd: __dirname,","                    path: path.join(__dirname, './', outfile),","                    contents: new Buffer(cover.reporters[reporter](data.coverage))","                });","                file.coverage = data.coverage;","                this.push(file);","            }, this);","            cb();","        }, function (cb) {","            cb();","        });","};",""],"l":{"8":1,"9":1,"10":1,"11":1,"12":1,"13":1,"15":1,"16":0,"17":0,"18":0,"19":0,"20":0,"22":0,"24":0,"25":0,"26":0,"27":0,"30":0,"31":0,"34":0,"38":1,"39":0,"40":0,"42":0,"44":0,"45":0,"46":0,"48":0,"50":0,"52":0,"53":0,"55":0,"56":0,"57":0,"58":0,"62":1,"63":0,"65":0,"66":0,"67":0,"69":0,"71":0,"73":0,"74":0,"76":0,"77":0,"78":0,"82":1,"83":0,"84":0,"88":0,"90":0,"91":0,"93":0,"95":0,"96":0,"100":0,"101":0,"105":0,"106":0,"110":0,"111":0,"115":0,"117":0,"121":1,"122":0,"123":0,"124":0,"126":0,"127":0,"128":0,"130":0,"131":0,"133":0,"134":0,"135":0,"136":0,"137":0,"143":0,"144":0,"146":0,"148":0}},"/home/travis/build/npmtest/node-npmtest-gulp-coverage/node_modules/gulp-coverage/contrib/cover.js":{"path":"/home/travis/build/npmtest/node-npmtest-gulp-coverage/node_modules/gulp-coverage/contrib/cover.js","s":{"1":1,"2":1,"3":1,"4":1,"5":1,"6":1,"7":1,"8":1,"9":1,"10":0,"11":0,"12":0,"13":0,"14":0,"15":0,"16":0,"17":0,"18":0,"19":0,"20":0,"21":0,"22":0,"23":0,"24":0,"25":0,"26":0,"27":0,"28":0,"29":1,"30":0,"31":0,"32":0,"33":0,"34":0,"35":0,"36":1,"37":0,"38":0,"39":0,"40":0,"41":0,"42":0,"43":0,"44":0,"45":0,"46":0,"47":0,"48":0,"49":0,"50":0,"51":0,"52":0,"53":0,"54":0,"55":0,"56":0,"57":0,"58":0,"59":0,"60":0,"61":1,"62":0,"63":0,"64":0,"65":0,"66":0,"67":0,"68":0,"69":0,"70":0,"71":0,"72":0,"73":0,"74":0,"75":0,"76":0,"77":0,"78":0,"79":0,"80":0,"81":0,"82":0,"83":0,"84":0,"85":0,"86":0,"87":1,"88":0,"89":0,"90":1,"91":0,"92":0,"93":0,"94":0,"95":0,"96":0,"97":0,"98":0,"99":0,"100":0,"101":0,"102":0,"103":1,"104":0,"105":0,"106":0,"107":0,"108":0,"109":0,"110":0,"111":0,"112":0,"113":0,"114":0,"115":0,"116":0,"117":0,"118":0,"119":0,"120":0,"121":0,"122":0,"123":0,"124":1,"125":0,"126":1,"127":0,"128":0,"129":0,"130":0,"131":0,"132":0,"133":0,"134":0,"135":0,"136":0,"137":0,"138":0,"139":0,"140":0,"141":0,"142":0,"143":0,"144":0,"145":0,"146":0,"147":0,"148":0,"149":0,"150":0,"151":0,"152":0,"153":0,"154":0,"155":0,"156":1,"157":0,"158":0,"159":0,"160":0,"161":1,"162":0,"163":0,"164":0,"165":0,"166":0,"167":0,"168":0,"169":0,"170":0,"171":0,"172":0,"173":0,"174":0,"175":0,"176":0,"177":0,"178":0,"179":0,"180":0,"181":0,"182":0,"183":0,"184":0,"185":0,"186":0,"187":0,"188":0,"189":0,"190":0,"191":0,"192":0,"193":0,"194":0,"195":0,"196":0,"197":0,"198":0,"199":0,"200":0,"201":0,"202":0,"203":0,"204":0,"205":0,"206":0,"207":0,"208":0,"209":0,"210":0,"211":0,"212":0,"213":0,"214":0,"215":0,"216":0,"217":0,"218":0,"219":0,"220":0,"221":0,"222":0,"223":0,"224":0,"225":0,"226":0,"227":0,"228":0,"229":0,"230":0,"231":0,"232":0,"233":0,"234":0,"235":0,"236":0,"237":0,"238":1,"239":0,"240":0,"241":0,"242":0,"243":0,"244":0,"245":0,"246":0,"247":0,"248":0,"249":0,"250":0,"251":0,"252":0,"253":0,"254":0,"255":0,"256":0,"257":0,"258":0,"259":0,"260":0,"261":0,"262":0,"263":0,"264":0,"265":0,"266":0,"267":0,"268":0,"269":0,"270":0,"271":0,"272":0,"273":0,"274":0,"275":0,"276":0,"277":0,"278":0,"279":0,"280":0,"281":0,"282":0,"283":0,"284":0,"285":0,"286":0,"287":0,"288":0,"289":1,"290":0,"291":0,"292":0,"293":0,"294":0,"295":0,"296":0,"297":0,"298":0,"299":0,"300":0,"301":0,"302":0,"303":0,"304":0,"305":0,"306":0,"307":1,"308":0,"309":0,"310":0,"311":0,"312":0,"313":0,"314":0,"315":0,"316":0,"317":1,"318":0,"319":0,"320":0,"321":0,"322":0,"323":0,"324":0,"325":0,"326":0,"327":0,"328":0,"329":0,"330":0,"331":0,"332":0,"333":0,"334":0,"335":0,"336":0,"337":0,"338":0,"339":0,"340":0,"341":0,"342":0,"343":0,"344":0,"345":0,"346":0,"347":0,"348":0,"349":0,"350":0,"351":0,"352":0,"353":0,"354":0,"355":0,"356":0,"357":0,"358":0,"359":0,"360":0,"361":0,"362":0,"363":0,"364":0,"365":0,"366":0,"367":0,"368":0,"369":0,"370":0,"371":0,"372":0,"373":0,"374":1,"375":0,"376":1,"377":0,"378":0,"379":0,"380":0,"381":0,"382":0,"383":1,"384":0,"385":0,"386":0,"387":0,"388":0,"389":0,"390":0,"391":0,"392":1,"393":0,"394":0,"395":1},"b":{"1":[0,0],"2":[0,0],"3":[0,0],"4":[0,0],"5":[0,0],"6":[0,0],"7":[0,0],"8":[0,0],"9":[0,0],"10":[0,0],"11":[0,0],"12":[0,0],"13":[0,0],"14":[0,0],"15":[0,0],"16":[0,0],"17":[0,0],"18":[0,0],"19":[0,0],"20":[0,0],"21":[0,0],"22":[0,0],"23":[0,0],"24":[0,0],"25":[0,0],"26":[0,0],"27":[0,0],"28":[0,0],"29":[0,0],"30":[0,0],"31":[0,0],"32":[0,0],"33":[0,0],"34":[0,0],"35":[0,0],"36":[0,0],"37":[0,0],"38":[0,0,0,0,0],"39":[0,0],"40":[0,0],"41":[0,0],"42":[0,0],"43":[0,0],"44":[0,0],"45":[0,0],"46":[0,0],"47":[0,0,0,0,0,0],"48":[0,0],"49":[0,0,0],"50":[0,0],"51":[0,0],"52":[0,0],"53":[0,0],"54":[0,0],"55":[0,0],"56":[0,0],"57":[0,0],"58":[0,0],"59":[0,0],"60":[0,0],"61":[0,0],"62":[0,0,0,0,0],"63":[0,0],"64":[0,0],"65":[0,0],"66":[0,0],"67":[0,0],"68":[0,0],"69":[0,0],"70":[0,0],"71":[0,0],"72":[0,0],"73":[0,0],"74":[0,0],"75":[0,0,0],"76":[0,0],"77":[0,0],"78":[0,0],"79":[0,0],"80":[0,0],"81":[0,0],"82":[0,0],"83":[0,0],"84":[0,0],"85":[0,0],"86":[0,0],"87":[0,0],"88":[0,0],"89":[0,0],"90":[0,0],"91":[0,0],"92":[0,0],"93":[0,0]},"f":{"1":0,"2":0,"3":0,"4":0,"5":0,"6":0,"7":0,"8":0,"9":0,"10":0,"11":0,"12":0,"13":0,"14":0,"15":0,"16":0,"17":0,"18":0,"19":0,"20":0,"21":0,"22":0,"23":0,"24":0,"25":0,"26":0,"27":0,"28":0,"29":0,"30":0,"31":0,"32":0,"33":0,"34":0,"35":0,"36":0,"37":0,"38":0,"39":0,"40":0,"41":0,"42":0,"43":0,"44":0,"45":0,"46":0,"47":0,"48":0,"49":0,"50":0,"51":0},"fnMap":{"1":{"name":"FileCoverageData","line":42,"loc":{"start":{"line":42,"column":0},"end":{"line":42,"column":51}}},"2":{"name":"(anonymous_2)","line":48,"loc":{"start":{"line":48,"column":44},"end":{"line":48,"column":60}}},"3":{"name":"(anonymous_3)","line":88,"loc":{"start":{"line":88,"column":37},"end":{"line":88,"column":48}}},"4":{"name":"(anonymous_4)","line":108,"loc":{"start":{"line":108,"column":38},"end":{"line":108,"column":49}}},"5":{"name":"(anonymous_5)","line":117,"loc":{"start":{"line":117,"column":20},"end":{"line":117,"column":35}}},"6":{"name":"(anonymous_6)","line":181,"loc":{"start":{"line":181,"column":35},"end":{"line":181,"column":46}}},"7":{"name":"(anonymous_7)","line":190,"loc":{"start":{"line":190,"column":34},"end":{"line":190,"column":50}}},"8":{"name":"(anonymous_8)","line":197,"loc":{"start":{"line":197,"column":27},"end":{"line":197,"column":42}}},"9":{"name":"(anonymous_9)","line":254,"loc":{"start":{"line":254,"column":31},"end":{"line":254,"column":93}}},"10":{"name":"relatify","line":265,"loc":{"start":{"line":265,"column":0},"end":{"line":265,"column":23}}},"11":{"name":"(anonymous_11)","line":270,"loc":{"start":{"line":270,"column":16},"end":{"line":270,"column":38}}},"12":{"name":"createFullPathSync","line":286,"loc":{"start":{"line":286,"column":0},"end":{"line":286,"column":38}}},"13":{"name":"recursePathList","line":302,"loc":{"start":{"line":302,"column":26},"end":{"line":302,"column":58}}},"14":{"name":"(anonymous_14)","line":328,"loc":{"start":{"line":328,"column":22},"end":{"line":328,"column":56}}},"15":{"name":"stripBOM","line":330,"loc":{"start":{"line":330,"column":4},"end":{"line":330,"column":31}}},"16":{"name":"(anonymous_16)","line":347,"loc":{"start":{"line":347,"column":32},"end":{"line":347,"column":59}}},"17":{"name":"(anonymous_17)","line":385,"loc":{"start":{"line":385,"column":36},"end":{"line":385,"column":47}}},"18":{"name":"getSegments","line":410,"loc":{"start":{"line":410,"column":0},"end":{"line":410,"column":59}}},"19":{"name":"(anonymous_19)","line":414,"loc":{"start":{"line":414,"column":17},"end":{"line":414,"column":37}}},"20":{"name":"(anonymous_20)","line":418,"loc":{"start":{"line":418,"column":29},"end":{"line":418,"column":44}}},"21":{"name":"(anonymous_21)","line":427,"loc":{"start":{"line":427,"column":29},"end":{"line":427,"column":44}}},"22":{"name":"(anonymous_22)","line":448,"loc":{"start":{"line":448,"column":28},"end":{"line":448,"column":50}}},"23":{"name":"(anonymous_23)","line":460,"loc":{"start":{"line":460,"column":12},"end":{"line":460,"column":27}}},"24":{"name":"(anonymous_24)","line":463,"loc":{"start":{"line":463,"column":12},"end":{"line":463,"column":27}}},"25":{"name":"(anonymous_25)","line":515,"loc":{"start":{"line":515,"column":20},"end":{"line":515,"column":35}}},"26":{"name":"(anonymous_26)","line":518,"loc":{"start":{"line":518,"column":20},"end":{"line":518,"column":35}}},"27":{"name":"(anonymous_27)","line":522,"loc":{"start":{"line":522,"column":22},"end":{"line":522,"column":37}}},"28":{"name":"(anonymous_28)","line":540,"loc":{"start":{"line":540,"column":21},"end":{"line":540,"column":36}}},"29":{"name":"(anonymous_29)","line":554,"loc":{"start":{"line":554,"column":21},"end":{"line":554,"column":36}}},"30":{"name":"splitOverlaps","line":572,"loc":{"start":{"line":572,"column":0},"end":{"line":572,"column":36}}},"31":{"name":"(anonymous_31)","line":600,"loc":{"start":{"line":600,"column":54},"end":{"line":600,"column":76}}},"32":{"name":"(anonymous_32)","line":610,"loc":{"start":{"line":610,"column":54},"end":{"line":610,"column":69}}},"33":{"name":"(anonymous_33)","line":626,"loc":{"start":{"line":626,"column":58},"end":{"line":626,"column":80}}},"34":{"name":"linesWithData","line":683,"loc":{"start":{"line":683,"column":0},"end":{"line":683,"column":30}}},"35":{"name":"(anonymous_35)","line":686,"loc":{"start":{"line":686,"column":18},"end":{"line":686,"column":40}}},"36":{"name":"(anonymous_36)","line":688,"loc":{"start":{"line":688,"column":42},"end":{"line":688,"column":62}}},"37":{"name":"(anonymous_37)","line":695,"loc":{"start":{"line":695,"column":17},"end":{"line":695,"column":31}}},"38":{"name":"(anonymous_38)","line":698,"loc":{"start":{"line":698,"column":23},"end":{"line":698,"column":38}}},"39":{"name":"getAllFiles","line":713,"loc":{"start":{"line":713,"column":0},"end":{"line":713,"column":26}}},"40":{"name":"(anonymous_40)","line":719,"loc":{"start":{"line":719,"column":18},"end":{"line":719,"column":34}}},"41":{"name":"(anonymous_41)","line":777,"loc":{"start":{"line":777,"column":37},"end":{"line":777,"column":49}}},"42":{"name":"(anonymous_42)","line":788,"loc":{"start":{"line":788,"column":21},"end":{"line":788,"column":41}}},"43":{"name":"(anonymous_43)","line":799,"loc":{"start":{"line":799,"column":38},"end":{"line":799,"column":57}}},"44":{"name":"(anonymous_44)","line":814,"loc":{"start":{"line":814,"column":21},"end":{"line":814,"column":46}}},"45":{"name":"(anonymous_45)","line":821,"loc":{"start":{"line":821,"column":46},"end":{"line":821,"column":66}}},"46":{"name":"(anonymous_46)","line":894,"loc":{"start":{"line":894,"column":12},"end":{"line":894,"column":46}}},"47":{"name":"removeDir","line":899,"loc":{"start":{"line":899,"column":0},"end":{"line":899,"column":28}}},"48":{"name":"(anonymous_48)","line":900,"loc":{"start":{"line":900,"column":36},"end":{"line":900,"column":51}}},"49":{"name":"(anonymous_49)","line":917,"loc":{"start":{"line":917,"column":11},"end":{"line":917,"column":22}}},"50":{"name":"(anonymous_50)","line":923,"loc":{"start":{"line":923,"column":40},"end":{"line":923,"column":55}}},"51":{"name":"(anonymous_51)","lin
[...]
2":1,"3":0,"4":0,"5":0,"6":0,"7":0,"8":0,"9":0,"10":0,"11":0,"12":0},"b":{},"f":{"1":0,"2":0,"3":0},"fnMap":{"1":{"name":"(anonymous_1)","line":3,"loc":{"start":{"line":3,"column":17},"end":{"line":3,"column":29}}},"2":{"name":"(anonymous_2)","line":5,"loc":{"start":{"line":5,"column":12},"end":{"line":5,"column":24}}},"3":{"name":"(anonymous_3)","line":8,"loc":{"start":{"line":8,"column":13},"end":{"line":8,"column":25}}}},"statementMap":{"1":{"start":{"line":1,"column":0},"end":{"line":1,"column":39}},"2":{"start":{"line":3,"column":0},"end":{"line":24,"column":2}},"3":{"start":{"line":4,"column":4},"end":{"line":4,"column":29}},"4":{"start":{"line":5,"column":4},"end":{"line":5,"column":27}},"5":{"start":{"line":8,"column":4},"end":{"line":8,"column":39}},"6":{"start":{"line":8,"column":26},"end":{"line":8,"column":37}},"7":{"start":{"line":9,"column":4},"end":{"line":9,"column":20}},"8":{"start":{"line":12,"column":4},"end":{"line":12,"column":28}},"9":{"start":{"line":13,"column":4},"end":{"line":13,"column":68}},"10":{"start":{"line":16,"column":4},"end":{"line":16,"column":27}},"11":{"start":{"line":18,"column":4},"end":{"line":22,"column":6}},"12":{"start":{"line":23,"column":4},"end":{"line":23,"column":17}}},"branchMap":{},"code":["var Chainable = require('./chainable');","","module.exports = function () {","    var str = '473628742687';","    var f = function () {};","","    // Chanable function","    f.func = function () {return this};","    f.func().func();","","    // Chainable object","    chain = new Chainable();","    chain.find('zack').format({middle: false}).remove(0, 1).write();","","    // non-object method call (looks like a chainable from a syntax tree perspective)","    str = str.substr(0, 2);","","    Math.floor(","        Math.random()*","        10+","        0.5","    );","    return chain;","};","",""],"l":{"1":1,"3":1,"4":0,"5":0,"8":0,"9":0,"12":0,"13":0,"16":0,"18":0,"23":0}},"/home/travis/build/npmtest/node-npmtest-gulp-coverage/node_modules/gulp-coverage/testsupport/myModule.js":{"path":"/home/travis/build/npmtest/node-npmtest-gulp-coverage/node_modules/gulp-coverage/testsupport/myModule.js","s":{"1":1,"2":1,"3":0},"b":{},"f":{"1":0,"2":0},"fnMap":{"1":{"name":"(anonymous_1)","line":1,"loc":{"start":{"line":1,"column":20},"end":{"line":1,"column":32}}},"2":{"name":"(anonymous_2)","line":4,"loc":{"start":{"line":4,"column":21},"end":{"line":4,"column":33}}}},"statementMap":{"1":{"start":{"line":1,"column":0},"end":{"line":1,"column":35}},"2":{"start":{"line":4,"column":0},"end":{"line":6,"column":1}},"3":{"start":{"line":5,"column":4},"end":{"line":5,"column":20}}},"branchMap":{},"code":["var myLocalGlobal = function () {};","","// Calls myLocalGlobal","exports.myFunction = function () {","    myLocalGlobal();","}",""],"l":{"1":1,"4":1,"5":0}},"/home/travis/build/npmtest/node-npmtest-gulp-coverage/node_modules/gulp-coverage/testsupport/rewire.js":{"path":"/home/travis/build/npmtest/node-npmtest-gulp-coverage/node_modules/gulp-coverage/testsupport/rewire.js","s":{"1":2,"2":0,"3":0,"4":0,"5":0,"6":0,"7":0,"8":0},"b":{},"f":{"1":0,"2":0,"3":0},"fnMap":{"1":{"name":"(anonymous_1)","line":5,"loc":{"start":{"line":5,"column":24},"end":{"line":5,"column":36}}},"2":{"name":"(anonymous_2)","line":7,"loc":{"start":{"line":7,"column":38},"end":{"line":7,"column":50}}},"3":{"name":"(anonymous_3)","line":10,"loc":{"start":{"line":10,"column":67},"end":{"line":10,"column":79}}}},"statementMap":{"1":{"start":{"line":1,"column":0},"end":{"line":3,"column":36}},"2":{"start":{"line":5,"column":0},"end":{"line":14,"column":3}},"3":{"start":{"line":6,"column":4},"end":{"line":6,"column":23}},"4":{"start":{"line":7,"column":4},"end":{"line":9,"column":6}},"5":{"start":{"line":8,"column":8},"end":{"line":8,"column":22}},"6":{"start":{"line":10,"column":4},"end":{"line":13,"column":7}},"7":{"start":{"line":11,"column":8},"end":{"line":11,"column":30}},"8":{"start":{"line":12,"column":8},"end":{"line":12,"column":26}}},"branchMap":{},"code":["var assert = require('assert'),","    rewire = require('rewire'),","    myModule = rewire('./myModule');","","describe('Test Rewire', function () {","    var called = false;","    myModule.__set__('myLocalGlobal', function () {","        called = true;","    })","    it('Should rewire the function and call the rewired function', function () {","        myModule.myFunction();","        assert.ok(called);","    });","});",""],"l":{"1":2,"5":0,"6":0,"7":0,"8":0,"10":0,"11":0,"12":0}},"/home/travis/build/npmtest/node-npmtest-gulp-coverage/node_modules/gulp-coverage/testsupport/src2.js":{"path":"/home/travis/build/npmtest/node-npmtest-gulp-coverage/node_modules/gulp-coverage/testsupport/src2.js","s":{"1":2,"2":2,"3":0,"4":0},"b":{},"f":{"1":0,"2":0},"fnMap":{"1":{"name":"(anonymous_1)","line":4,"loc":{"start":{"line":4,"column":22},"end":{"line":4,"column":34}}},"2":{"name":"(anonymous_2)","line":5,"loc":{"start":{"line":5,"column":36},"end":{"line":5,"column":48}}}},"statementMap":{"1":{"start":{"line":1,"column":0},"end":{"line":2,"column":30}},"2":{"start":{"line":4,"column":0},"end":{"line":8,"column":3}},"3":{"start":{"line":5,"column":4},"end":{"line":7,"column":7}},"4":{"start":{"line":6,"column":8},"end":{"line":6,"column":25}}},"branchMap":{},"code":["var assert = require('assert'),","    test = require('./test2');","","describe('Test Src2', function () {","    it('Should run this test Src2', function () {","        assert.ok(!true);","    });","});",""],"l":{"1":2,"4":2,"5":0,"6":0}},"/home/travis/build/npmtest/node-npmtest-gulp-coverage/node_modules/gulp-coverage/testsupport/test2.js":{"path":"/home/travis/build/npmtest/node-npmtest-gulp-coverage/node_modules/gulp-coverage/testsupport/test2.js","s":{"1":1,"2":0,"3":0,"4":0,"5":0,"6":0,"7":0,"8":0,"9":0,"10":1,"11":1,"12":0,"13":1,"14":0,"15":1,"16":0,"17":1,"18":0},"b":{"1":[0,0],"2":[0,1],"3":[0,1],"4":[0,1],"5":[0,1]},"f":{"1":0},"fnMap":{"1":{"name":"(anonymous_1)","line":1,"loc":{"start":{"line":1,"column":17},"end":{"line":1,"column":29}}}},"statementMap":{"1":{"start":{"line":1,"column":0},"end":{"line":17,"column":2}},"2":{"start":{"line":2,"column":4},"end":{"line":3,"column":19}},"3":{"start":{"line":5,"column":4},"end":{"line":15,"column":5}},"4":{"start":{"line":6,"column":8},"end":{"line":14,"column":9}},"5":{"start":{"line":7,"column":12},"end":{"line":7,"column":21}},"6":{"start":{"line":8,"column":12},"end":{"line":8,"column":24}},"7":{"start":{"line":10,"column":12},"end":{"line":10,"column":24}},"8":{"start":{"line":13,"column":12},"end":{"line":13,"column":28}},"9":{"start":{"line":16,"column":4},"end":{"line":16,"column":18}},"10":{"start":{"line":18,"column":0},"end":{"line":18,"column":21}},"11":{"start":{"line":20,"column":0},"end":{"line":22,"column":1}},"12":{"start":{"line":21,"column":4},"end":{"line":21,"column":20}},"13":{"start":{"line":25,"column":0},"end":{"line":27,"column":1}},"14":{"start":{"line":26,"column":4},"end":{"line":26,"column":16}},"15":{"start":{"line":28,"column":0},"end":{"line":30,"column":1}},"16":{"start":{"line":29,"column":4},"end":{"line":29,"column":16}},"17":{"start":{"line":31,"column":0},"end":{"line":33,"column":1}},"18":{"start":{"line":32,"column":4},"end":{"line":32,"column":16}}},"branchMap":{"1":{"line":6,"type":"if","locations":[{"start":{"line":6,"column":8},"end":{"line":6,"column":8}},{"start":{"line":6,"column":8},"end":{"line":6,"column":8}}]},"2":{"line":20,"type":"if","locations":[{"start":{"line":20,"column":0},"end":{"line":20,"column":0}},{"start":{"line":20,"column":0},"end":{"line":20,"column":0}}]},"3":{"line":25,"type":"if","locations":[{"start":{"line":25,"column":0},"end":{"line":25,"column":0}},{"start":{"line":25,"column":0},"end":{"line":25,"column":0}}]},"4":{"line":28,"type":"if","locations":[{"start":{"line":28,"column":0},"end":{"line":28,"column":0}},{"start":{"line":28,"column":0},"end":{"line":28,"column":0}}]},"5":{"line":31,"type":"if","locations":[{"start":{"line":31,"column":0},"end":{"line":31,"column":0}},{"start":{"line":31,"column":0},"end":{"line":31,"column":0}}]}},"code":["module.exports = function () {","    var i,","        retVal = 0;","","    for (i = 0; i < 10; i++) {","        if (false) {","            retVal/0;","            retVal += 1;","            //#JSCOVERAGE_IF","            retVal += 2;","            //#JSCOVERAGE_ENDIF","        } else {","            retVal = retVal;","        }","    }","    return retVal;","};","var uncovered = true; //cover:false","//#JSCOVERAGE_IF","if (false) {","    var retVal = 19;","}","//#JSCOVERAGE_IF 0","//#JSCOVERAGE_IF","if (false) {","    retVal += 1;","}","if (false) {","    retVal += 1;","}","if (false) {","    retVal += 1;","}"],"l":{"1":1,"2":0,"5":0,"6":0,"7":0,"8":0,"10":0,"13":0,"16":0,"18":1,"20":1,"21":0,"25":1,"26":0,"28":1,"29":0,"31":1,"32":0}},"/home/travis/build/npmtest/node-npmtest-gulp-coverage/node_modules/gulp-coverage/testsupport/src3.js":{"path":"/home/travis/build/npmtest/node-npmtest-gulp-coverage/node_modules/gulp-coverage/testsupport/src3.js","s":{"1":2,"2":2,"3":0,"4":0},"b":{},"f":{"1":0,"2":0},"fnMap":{"1":{"name":"(anonymous_1)","line":4,"loc":{"start":{"line":4,"column":22},"end":{"line":4,"column":34}}},"2":{"name":"(anonymous_2)","line":5,"loc":{"start":{"line":5,"column":36},"end":{"line":5,"column":48}}}},"statementMap":{"1":{"start":{"line":1,"column":0},"end":{"line":2,"column":29}},"2":{"start":{"line":4,"column":0},"end":{"line":8,"column":3}},"3":{"start":{"line":5,"column":4},"end":{"line":7,"column":7}},"4":{"start":{"line":6,"column":8},"end":{"line":6,"column":24}}},"branchMap":{},"code":["var assert = require('assert'),","    test = require('./test');","","describe('Test Src3', function () {","    it('Should run this test Src3', function () {","        assert.ok(true);","    });","});",""],"l":{"1":2,"4":2,"5":0,"6":0}},"/home/travis/build/npmtest/node-npmtest-gulp-coverage/node_modules/gulp-coverage/testsupport/test.js":{"path":"/home/travis/build/npmtest/node-npmtest-gulp-coverage/node_modules/gulp-coverage/testsupport/test.js","s":{"1":1,"2":0,"3":0,"4":0,"5":0,"6":0,"7":0,"8":0,"9":0,"10":0,"11":0,"12":0},"b":{"1":[0,0],"2":[0,0],"3":[0,0],"4":[0,0]},"f":{"1":0},"fnMap":{"1":{"name":"(anonymous_1)","line":1,"loc":{"start":{"line":1,"column":17},"end":{"line":1,"column":29}}}},"statementMap":{"1":{"start":{"line":1,"column":0},"end":{"line":26,"column":2}},"2":{"start":{"line":2,"column":4},"end":{"line":4,"column":28}},"3":{"start":{"line":7,"column":4},"end":{"line":19,"column":5}},"4":{"start":{"line":8,"column":8},"end":{"line":12,"column":10}},"5":{"start":{"line":13,"column":8},"end":{"line":18,"column":9}},"6":{"start":{"line":14,"column":12},"end":{"line":14,"column":24}},"7":{"start":{"line":15,"column":12},"end":{"line":15,"column":24}},"8":{"start":{"line":17,"column":12},"end":{"line":17,"column":62}},"9":{"start":{"line":20,"column":4},"end":{"line":24,"column":5}},"10":{"start":{"line":21,"column":8},"end":{"line":21,"column":20}},"11":{"start":{"line":23,"column":8},"end":{"line":23,"column":20}},"12":{"start":{"line":25,"column":4},"end":{"line":25,"column":18}}},"branchMap":{"1":{"line":13,"type":"if","locations":[{"start":{"line":13,"column":8},"end":{"line":13,"column":8}},{"start":{"line":13,"column":8},"end":{"line":13,"column":8}}]},"2":{"line":17,"type":"cond-expr","locations":[{"start":{"line":17,"column":37},"end":{"line":17,"column":47}},{"start":{"line":17,"column":50},"end":{"line":17,"column":60}}]},"3":{"line":20,"type":"if","locations":[{"start":{"line":20,"column":4},"end":{"line":20,"column":4}},{"start":{"line":20,"column":4},"end":{"line":20,"column":4}}]},"4":{"line":20,"type":"binary-expr","locations":[{"start":{"line":20,"column":8},"end":{"line":20,"column":9}},{"start":{"line":20,"column":13},"end":{"line":20,"column":14}}]}},"code":["module.exports = function () {","    var i, matcher,","        retVal = 0,","        a = true, b = false;","","    // throw new Error('bugger');","    for (i = 0; i < 10; i++) {","        matcher = Math.floor(","            Math.random()*","            10+","            0.5","        );","        if (matcher === i) {","            retVal += 1;","            retVal += 1;","        } else {","            retVal = (retVal > 100 ? retVal + 1 : retVal + 2);","        }","    }","    if (a || b) {","        retVal += 2;","    } else {","        retVal += 1;","    }","    return retVal;","};",""],"l":{"1":1,"2":0,"7":0,"8":0,"13":0,"14":0,"15":0,"17":0,"20":0,"21":0,"23":0,"25":0}},"/home/travis/build/npmtest/node-npmtest-gulp-coverage/node_modules/gulp-coverage/testsupport/src4.js":{"path":"/home/travis/build/npmtest/node-npmtest-gulp-coverage/node_modules/gulp-coverage/testsupport/src4.js","s":{"1":2,"2":2,"3":0,"4":0,"5":0,"6":0},"b":{},"f":{"1":0,"2":0},"fnMap":{"1":{"name":"(anonymous_1)","line":4,"loc":{"start":{"line":4,"column":33},"end":{"line":4,"column":45}}},"2":{"name":"(anonymous_2)","line":5,"loc":{"start":{"line":5,"column":22},"end":{"line":5,"column":34}}}},"statementMap":{"1":{"start":{"line":1,"column":0},"end":{"line":2,"column":36}},"2":{"start":{"line":4,"column":0},"end":{"line":10,"column":3}},"3":{"start":{"line":5,"column":4},"end":{"line":9,"column":7}},"4":{"start":{"line":6,"column":8},"end":{"line":6,"column":33}},"5":{"start":{"line":7,"column":8},"end":{"line":7,"column":34}},"6":{"start":{"line":8,"column":8},"end":{"line":8,"column":34}}},"branchMap":{},"code":["var assert = require('assert'),","    Controller = require('./test3');","","describe('Test AlertController', function () {","    it('Should work', function () {","        var c = new Controller();","        assert.equal(c.show(), 1);","        assert.equal(c.hide(), 0);","    });","});",""],"l":{"1":2,"4":2,"5":0,"6":0,"7":0,"8":0}},"/home/travis/build/npmtest/node-npmtest-gulp-coverage/node_modules/gulp-coverage/testsupport/test3.js":{"path":"/home/travis/build/npmtest/node-npmtest-gulp-coverage/node_modules/gulp-coverage/testsupport/test3.js","s":{"1":1,"2":0,"3":1,"4":0,"5":0,"6":0,"7":0,"8":1,"9":1},"b":{"1":[1,0],"2":[1,1]},"f":{"1":0,"2":0,"3":0},"fnMap":{"1":{"name":"(anonymous_1)","line":3,"loc":{"start":{"line":3,"column":22},"end":{"line":3,"column":34}}},"2":{"name":"(anonymous_2)","line":11,"loc":{"start":{"line":11,"column":10},"end":{"line":11,"column":22}}},"3":{"name":"(anonymous_3)","line":19,"loc":{"start":{"line":19,"column":10},"end":{"line":19,"column":22}}}},"statementMap":{"1":{"start":{"line":3,"column":0},"end":{"line":5,"column":2}},"2":{"start":{"line":4,"column":4},"end":{"line":4,"column":19}},"3":{"start":{"line":7,"column":0},"end":{"line":23,"column":2}},"4":{"start":{"line":12,"column":8},"end":{"line":12,"column":21}},"5":{"start":{"line":13,"column":8},"end":{"line":13,"column":26}},"6":{"start":{"line":20,"column":8},"end":{"line":20,"column":21}},"7":{"start":{"line":21,"column":8},"end":{"line":21,"column":26}},"8":{"start":{"line":26,"column":0},"end":{"line":28,"column":1}},"9":{"start":{"line":27,"column":4},"end":{"line":27,"column":37}}},"branchMap":{"1":{"line":26,"type":"if","locations":[{"start":{"line":26,"column":0},"end":{"line":26,"column":0}},{"start":{"line":26,"column":0},"end":{"line":26,"column":0}}]},"2":{"line":26,"type":"binary-expr","locations":[{"start":{"line":26,"column":4},"end":{"line":26,"column":33}},{"start":{"line":26,"column":37},"end":{"line":26,"column":65}}]}},"code":["\"use strict\";","","var AlertController = function () {","    this.count = 0;","};","","AlertController.prototype = {","    /**","     * Comment","     */","    show: function () {","        this.count++;","        return this.count;","    },","","    /**","     * comment","     */","    hide: function () {","        this.count--;","        return this.count;","    }","};","","// to pull into node namespace if included","if (typeof module !== \"undefined\" && module.exports !== undefined) {","    module.exports = AlertController;","}",""],"l":{"3":1,"4":0,"7":1,"12":0,"13":0,"20":0,"21":0,"26":1,"27":1}},"/home/travis/build/npmtest/node-npmtest-gulp-coverage/node_modules/gulp-coverage/testsupport/srcchain.js":{"path":"/home/travis/build/npmtest/node-npmtest-gulp-coverage/node_modules/gulp-coverage/testsupport/srcchain.js","s":{"1":2,"2":2,"3":0,"4":0,"5":0,"6":0,"7":0,"8":0},"b":{},"f":{"1":0,"2":0},"fnMap":{"1":{"name":"(anonymous_1)","line":4,"loc":{"start":{"line":4,"column":21},"end":{"line":4,"column":33}}},"2":{"name":"(anonymous_2)","line":5,"loc":{"start":{"line":5,"column":120},"end":{"line":5,"column":132}}}},"statementMap":{"1":{"start":{"line":1,"column":0},"end":{"line":2,"column":30}},"2":{"start":{"line":4,"column":0},"end":{"line":15,"column":3}},"3":{"start":{"line":5,"column":4},"end":{"line":14,"column":7}},"4":{"start":{"line":6,"column":8},"end":{"line":8,"column":14}},"5":{"start":{"line":9,"column":8},"end":{"line":11,"column":9}},"6":{"start":{"line":10,"column":12},"end":{"line":10,"column":28}},"7":{"start":{"line":12,"column":8},"end":{"line":12,"column":63}},"8":{"start":{"line":13,"column":8},"end":{"line":13,"column":49}}},"branchMap":{},"code":["var assert = require('assert'),","    test = require('./chain');","","describe('Test Src', function () {","    it('Should run this test for the chainable and not find an enumerable __instrumented_miss attribute on the object', function () {","        var chain = test(),","            props = [],","            i;","        for(i in chain) {","            props[i] = true;","        }","        assert.ok(chain.hasOwnProperty('__instrumented_miss'));","        assert.ok(!props['__instrumented_miss']);","    });","});",""],"l":{"1":2,"4":2,"5":0,"6":0,"9":0,"10":0,"12":0,"13":0}},"/home/travis/build/npmtest/node-npmtest-gulp-coverage/node_modules/gulp-coverage/testsupport/srcjasmine.js":{"path":"/home/travis/build/npmtest/node-npmtest-gulp-coverage/node_modules/gulp-coverage/testsupport/srcjasmine.js","s":{"1":2,"2":2,"3":0,"4":0,"5":0},"b":{},"f":{"1":0,"2":0},"fnMap":{"1":{"name":"(anonymous_1)","line":3,"loc":{"start":{"line":3,"column":21},"end":{"line":3,"column":33}}},"2":{"name":"(anonymous_2)","line":4,"loc":{"start":{"line":4,"column":35},"end":{"line":4,"column":47}}}},"statementMap":{"1":{"start":{"line":1,"column":0},"end":{"line":1,"column":29}},"2":{"start":{"line":3,"column":0},"end":{"line":8,"column":3}},"3":{"start":{"line":4,"column":4},"end":{"line":7,"column":7}},"4":{"start":{"line":5,"column":8},"end":{"line":5,"column":15}},"5":{"start":{"line":6,"column":8},"end":{"line":6,"column":32}}},"branchMap":{},"code":["var test = require('./test');","","describe('Test Src', function () {","    it('Should run this test Src', function () {","        test();","        expect(true).toBe(true);","    });","});",""],"l":{"1":2,"3":2,"4":0,"5":0,"6":0}},"/home/travis/build/npmtest/node-npmtest-gulp-coverage/node_modules/gulp-coverage/testsupport/src.js":{"path":"/home/travis/build/npmtest/node-npmtest-gulp-coverage/node_modules/gulp-coverage/testsupport/src.js","s":{"1":2,"2":2,"3":0,"4":0,"5":0},"b":{},"f":{"1":0,"2":0},"fnMap":{"1":{"name":"(anonymous_1)","line":4,"loc":{"start":{"line":4,"column":21},"end":{"line":4,"column":33}}},"2":{"name":"(anonymous_2)","line":5,"loc":{"start":{"line":5,"column":35},"end":{"line":5,"column":47}}}},"statementMap":{"1":{"start":{"line":1,"column":0},"end":{"line":2,"column":29}},"2":{"start":{"line":4,"column":0},"end":{"line":9,"column":3}},"3":{"start":{"line":5,"column":4},"end":{"line":8,"column":7}},"4":{"start":{"line":6,"column":8},"end":{"line":6,"column":15}},"5":{"start":{"line":7,"column":8},"end":{"line":7,"column":24}}},"branchMap":{},"code":["var assert = require('assert'),","    test = require('./test');","","describe('Test Src', function () {","    it('Should run this test Src', function () {","        test();","        assert.ok(true);","    });","});",""],"l":{"1":2,"4":2,"5":0,"6":0,"7":0}}}